#
# A fatal error has been detected by the Java Runtime Environment:
#
#  SIGSEGV (0xb) at pc=0x0000000187196fe0, pid=4039, tid=259
#
# JRE version: Java(TM) SE Runtime Environment (24.0+36) (build 24+36-3646)
# Java VM: Java HotSpot(TM) 64-Bit Server VM (24+36-3646, mixed mode, sharing, tiered, compressed oops, compressed class ptrs, g1 gc, bsd-aarch64)
# Problematic frame:
# C  [CoreGraphics+0x4cfe0]  CGFontStrikeRelease+0x4c
#
# No core dump will be written. Core dumps have been disabled. To enable core dumping, try "ulimit -c unlimited" before starting Java again
#
# If you would like to submit a bug report, please visit:
#   https://bugreport.java.com/bugreport/crash.jsp
# The crash happened outside the Java Virtual Machine in native code.
# See problematic frame for where to report the bug.
#

---------------  S U M M A R Y ------------

Command Line: -Dfile.encoding=UTF-8 -Djava.security.policy=applet.policy View.Reservation

Host: "Mac14,7" arm64, 8 cores, 8G, Darwin 23.5.0, macOS 14.5 (23F79)
Time: Fri Jul  4 21:28:52 2025 +0545 elapsed time: 2.686367 seconds (0d 0h 0m 2s)

---------------  T H R E A D  ---------------

Current thread (0x000000011601a000):  JavaThread "AppKit Thread" daemon [_thread_in_native, id=259, stack(0x000000016cb88000,0x000000016d384000) (8176K)]

Stack: [0x000000016cb88000,0x000000016d384000],  sp=0x000000016d380c70,  free space=8163k
Native frames: (J=compiled Java code, j=interpreted, Vv=VM code, C=native code)
C  [CoreGraphics+0x4cfe0]  CGFontStrikeRelease+0x4c
C  [CoreGraphics+0x81b88]  CGFontCacheReset+0x50
C  [HIToolbox+0x4f9cc]  HIApplication::FrontUILost()+0x38
C  [HIToolbox+0x48a00]  HIApplication::HandleActivated(OpaqueEventRef*, unsigned char, OpaqueWindowPtr*, unsigned char)+0x210
C  [HIToolbox+0x42a94]  HIApplication::EventObserver(unsigned int, OpaqueEventRef*, void*)+0xcc
C  [HIToolbox+0xabcc]  _NotifyEventLoopObservers+0xb0
C  [HIToolbox+0x42490]  AcquireEventFromQueue+0x1b0
C  [HIToolbox+0x32e88]  ReceiveNextEventCommon+0x138
C  [HIToolbox+0x32d30]  _BlockUntilNextEventMatchingListInModeWithFilter+0x4c
C  [AppKit+0x39d68]  _DPSNextEvent+0x294
C  [AppKit+0x82f808]  -[NSApplication(NSEventRouting) _nextEventMatchingEventMask:untilDate:inMode:dequeue:]+0x2bc
C  [libosxapp.dylib+0x36d8]  -[NSApplicationAWT nextEventMatchingMask:untilDate:inMode:dequeue:]+0x88
C  [AppKit+0x2d09c]  -[NSApplication run]+0x1dc
C  [libosxapp.dylib+0x34f8]  +[NSApplicationAWT runAWTLoopWithApp:]+0x84
C  [libawt_lwawt.dylib+0x62cc0]  +[AWTStarter starter:headless:]+0x178
C  [libosxapp.dylib+0x4d48]  +[ThreadUtilities invokeBlockCopy:]+0x1c
C  [Foundation+0x793f4]  __NSThreadPerformPerform+0x108
C  [CoreFoundation+0x7e4d8]  __CFRUNLOOP_IS_CALLING_OUT_TO_A_SOURCE0_PERFORM_FUNCTION__+0x1c
C  [CoreFoundation+0x7e46c]  __CFRunLoopDoSource0+0xb0
C  [CoreFoundation+0x7e1dc]  __CFRunLoopDoSources0+0xf4
C  [CoreFoundation+0x7cdc8]  __CFRunLoopRun+0x33c
C  [CoreFoundation+0x7c434]  CFRunLoopRunSpecific+0x260
C  [libjli.dylib+0xcf64]  CreateExecutionEnvironment+0x19c
C  [libjli.dylib+0x8a0c]  JLI_Launch+0x230
C  [java+0x3bbc]  main+0x18c
C  [dyld+0x60e0]  start+0x938

siginfo: si_signo: 11 (SIGSEGV), si_code: 2 (SEGV_ACCERR), si_addr: 0xffffffffffffffff

Registers:
 x0=0x000000033f178e00  x1=0x0000000102f35000  x2=0x00000001268e5600  x3=0x000000000000001e
 x4=0x0000000080000000  x5=0x0000000000000033  x6=0x0000000000000000  x7=0x0000000000000001
 x8=0x000000033f178e00  x9=0x0000000000000103 x10=0x0000000000bf3d01 x11=0x000000000072be00
x12=0x0000000126800028 x13=0x00000000ffff801e x14=0x00000000000006ea x15=0x00000000ffff7dff
x16=0x000000002ef3f33a x17=0x0000000181320868 x18=0x0000000000000000 x19=0x000000033f178e00
x20=0x000000033f16ee00 x21=0x0000000000000000 x22=0x0000000000000000 x23=0xffffffffffffffff
x24=0x0000000000000000 x25=0x0000000000000000 x26=0x0000000115e31d38 x27=0x0000000115e31df0
x28=0x0000000115e31ea8  fp=0x000000016d380ca0  lr=0x5c2c8001871cbb88  sp=0x000000016d380c70
pc=0x0000000187196fe0 cpsr=0x0000000060001000

Register to memory mapping:

x0 =0x000000033f178e00 points into unknown readable memory: 0x0000002a00000000 | 00 00 00 00 2a 00 00 00
x1 =0x0000000102f35000 points into unknown readable memory: 0x0000000000000000 | 00 00 00 00 00 00 00 00
x2 =0x00000001268e5600 points into unknown readable memory: 0x0000000000000000 | 00 00 00 00 00 00 00 00
x3 =0x000000000000001e is an unknown value
x4 =0x0000000080000000 is an unknown value
x5 =0x0000000000000033 is an unknown value
x6 =0x0 is null
x7 =0x0000000000000001 is an unknown value
x8 =0x000000033f178e00 points into unknown readable memory: 0x0000002a00000000 | 00 00 00 00 2a 00 00 00
x9 =0x0000000000000103 is an unknown value
x10=0x0000000000bf3d01 is an unknown value
x11=0x000000000072be00 is an unknown value
x12=0x0000000126800028 points into unknown readable memory: 0x0003000000000003 | 03 00 00 00 00 00 03 00
x13=0x00000000ffff801e is an unknown value
x14=0x00000000000006ea is an unknown value
x15=0x00000000ffff7dff is an unknown value
x16=0x000000002ef3f33a is an unknown value
x17=0x0000000181320868: nanov2_try_free_default+0 in /usr/lib/system/libsystem_malloc.dylib at 0x00000001812fd000
x18=0x0 is null
x19=0x000000033f178e00 points into unknown readable memory: 0x0000002a00000000 | 00 00 00 00 2a 00 00 00
x20=0x000000033f16ee00 points into unknown readable memory: 0xffffffffffffffff | ff ff ff ff ff ff ff ff
x21=0x0 is null
x22=0x0 is null
x23=0xffffffffffffffff: _dyld_private+0xfd57bfaf in /Library/Java/JavaVirtualMachines/jdk-24.jdk/Contents/Home/bin/java at 0x0000000102a7c000
x24=0x0 is null
x25=0x0 is null
x26=0x0000000115e31d38 points into unknown readable memory: 0x0000000000000000 | 00 00 00 00 00 00 00 00
x27=0x0000000115e31df0 points into unknown readable memory: 0x0000000000000000 | 00 00 00 00 00 00 00 00
x28=0x0000000115e31ea8 points into unknown readable memory: 0x0000000000000000 | 00 00 00 00 00 00 00 00
 fp=0x000000016d380ca0 is pointing into the stack for thread: 0x000000011601a000
 lr=0x5c2c8001871cbb88: CGFontCacheReset+0x50 in /System/Library/Frameworks/CoreGraphics.framework/Versions/A/CoreGraphics at 0x000000018714a000
 sp=0x000000016d380c70 is pointing into the stack for thread: 0x000000011601a000

Top of Stack: (sp=0x000000016d380c70)
0x000000016d380c70:   0000000000000000 0000000000000000   ................
0x000000016d380c80:   0000600001d71440 0000600002a27230   @....`..0r...`..
0x000000016d380c90:   000060000263b394 000060000263b390   ..c..`....c..`..
0x000000016d380ca0:   000000016d380cd0 5c2c8001871cbb88   ..8m..........,\
0x000000016d380cb0:   0000600001d71440 0000000000000000   @....`..........
0x000000016d380cc0:   0000000000000000 000060000137cd00   ..........7..`..
0x000000016d380cd0:   000000016d380cf0 1f0800018bd8c9cc   ..8m............
0x000000016d380ce0:   0000000000000000 000060000137cd00   ..........7..`..
0x000000016d380cf0:   000000016d380d50 960080018bd85a00   P.8m.....Z......
0x000000016d380d00:   0000600001378000 0000004000000080   ..7..`......@...
0x000000016d380d10:   0000000115e31d38 0000000000000000   8...............
0x000000016d380d20:   0000000000000000 0000600002855e40   ........@^...`..
0x000000016d380d30:   000000006170706c 0000000000000002   lppa............
0x000000016d380d40:   000060000137cd00 0000600001d71440   ..7..`..@....`..
0x000000016d380d50:   000000016d380dd0 e83200018bd7fa94   ..8m..........2.
0x000000016d380d60:   0000600001d7c0c0 9fd73fd858b900a1   .....`.....X.?..
0x000000016d380d70:   0000000000000004 9fd73fd858b900a1   ...........X.?..
0x000000016d380d80:   0000600002a74060 0000000000000000   `@...`..........
0x000000016d380d90:   0000600001378010 0000000000000004   ..7..`..........
0x000000016d380da0:   0000000000000000 0000000000000000   ................
0x000000016d380db0:   00000001e81bb000 00000001e81b8a68   ........h.......
0x000000016d380dc0:   0000000000000010 0000600001d71440   ........@....`..
0x000000016d380dd0:   000000016d380e20 527600018bd47bcc    .8m.....{....vR
0x000000016d380de0:   0000000000000000 0000000000000000   ................
0x000000016d380df0:   0000000000000000 000000016d381040   ........@.8m....
0x000000016d380e00:   0000000000000000 0000000000000001   ................
0x000000016d380e10:   0000600001d71440 0000000115e31d20   @....`.. .......
0x000000016d380e20:   000000016d380eb0 c85000018bd7f490   ..8m..........P.
0x000000016d380e30:   0000000100000000 0000000115e31fc0   ................
0x000000016d380e40:   0000000000000000 0000000115e31d20   ........ .......
0x000000016d380e50:   0000000000000004 000000016d381050   ........P.8m....
0x000000016d380e60:   0000000000000000 0000000000000000   ................

Instructions: (pc=0x0000000187196fe0)
  0x0000000187196ee0:   11 00 00 14 fa 03 15 aa 56 03 40 f9 77 12 40 f9
  0x0000000187196ef0:   e0 03 16 aa 5f db ff 97 e1 03 00 aa e0 03 17 aa
  0x0000000187196f00:   fc 71 11 94 e0 03 16 aa 23 00 00 94 5a 07 40 f9
  0x0000000187196f10:   da fe ff b5 e0 03 15 aa 92 8c ff 97 1f 03 00 f9
  0x0000000187196f20:   f6 03 19 aa 76 0a 00 f9 e0 03 14 aa fd 7b 44 a9
  0x0000000187196f30:   f4 4f 43 a9 f6 57 42 a9 f8 5f 41 a9 fa 67 c5 a8
  0x0000000187196f40:   ff 23 03 d5 d0 07 1e ca 50 00 f0 b6 20 8e 38 d4
  0x0000000187196f50:   1c 79 11 14 7f 23 03 d5 f4 4f be a9 fd 7b 01 a9
  0x0000000187196f60:   fd 43 00 91 f3 03 00 aa e0 00 00 b4 74 a2 01 91
  0x0000000187196f70:   e0 03 14 aa 0f 79 11 94 73 32 40 f9 e0 03 14 aa
  0x0000000187196f80:   10 79 11 94 e0 03 13 aa fd 7b 41 a9 f4 4f c2 a8
  0x0000000187196f90:   ff 0f 5f d6 7f 23 03 d5 f8 5f bc a9 f6 57 01 a9
  0x0000000187196fa0:   f4 4f 02 a9 fd 7b 03 a9 fd c3 00 91 a0 04 00 b4
  0x0000000187196fb0:   f3 03 00 aa 08 00 80 12 08 00 28 b8 1f 05 00 71
  0x0000000187196fc0:   01 04 00 54 15 00 80 d2 68 0e 15 8b 14 39 40 f9
  0x0000000187196fd0:   f4 01 00 b4 16 00 80 d2 97 7a 76 f8 f7 00 00 b4
=>0x0000000187196fe0:   e0 02 40 f9 6a ff ff 97 f7 06 40 f9 b7 ff ff b5
  0x0000000187196ff0:   80 7a 76 f8 5b 8c ff 97 d6 06 00 91 df 02 04 f1
  0x0000000187197000:   c1 fe ff 54 e0 03 14 aa c2 77 11 94 b5 06 00 91
  0x0000000187197010:   bf 02 04 f1 a1 fd ff 54 e0 03 13 aa fd 7b 43 a9
  0x0000000187197020:   f4 4f 42 a9 f6 57 41 a9 f8 5f c4 a8 ff 23 03 d5
  0x0000000187197030:   d0 07 1e ca 50 00 f0 b6 20 8e 38 d4 b5 77 11 14
  0x0000000187197040:   fd 7b 43 a9 f4 4f 42 a9 f6 57 41 a9 f8 5f c4 a8
  0x0000000187197050:   ff 0f 5f d6 af 77 11 14 60 01 00 b4 7f 23 03 d5
  0x0000000187197060:   fd 7b bf a9 fd 03 00 91 08 00 00 94 fd 7b c1 a8
  0x0000000187197070:   ff 23 03 d5 d0 07 1e ca 50 00 f0 b6 20 8e 38 d4
  0x0000000187197080:   fc 75 11 14 c0 03 5f d6 7f 23 03 d5 f6 57 bd a9
  0x0000000187197090:   f4 4f 01 a9 fd 7b 02 a9 fd 83 00 91 f3 03 00 aa
  0x00000001871970a0:   14 00 40 f9 34 01 00 b4 e0 03 14 aa ad 71 11 94
  0x00000001871970b0:   f5 03 00 aa 5f d9 ff 97 bf 02 00 eb 61 00 00 54
  0x00000001871970c0:   e0 03 14 aa 2f 72 11 94 60 a2 01 91 03 fe 0d 94
  0x00000001871970d0:   e0 03 13 aa fd 7b 42 a9 f4 4f 41 a9 f6 57 c3 a8


Stack slot to memory mapping:

stack at sp + 0 slots: 0x0 is null
stack at sp + 1 slots: 0x0 is null
stack at sp + 2 slots: 0x0000600001d71440 points into unknown readable memory: 0x0000000000000000 | 00 00 00 00 00 00 00 00
stack at sp + 3 slots: 0x0000600002a27230 points into unknown readable memory: 0x000000033f178e00 | 00 8e 17 3f 03 00 00 00
stack at sp + 4 slots: 0x000060000263b394 points into unknown readable memory: 03 01 00 00
stack at sp + 5 slots: 0x000060000263b390 points into unknown readable memory: 0x0000010300000001 | 01 00 00 00 03 01 00 00
stack at sp + 6 slots: 0x000000016d380cd0 is pointing into the stack for thread: 0x000000011601a000
stack at sp + 7 slots: 0x5c2c8001871cbb88: CGFontCacheReset+0x50 in /System/Library/Frameworks/CoreGraphics.framework/Versions/A/CoreGraphics at 0x000000018714a000

Lock stack of current Java thread (top to bottom):


---------------  P R O C E S S  ---------------

Threads class SMR info:
_java_thread_list=0x0000600002960460, length=18, elements={
0x00000001260a6e00, 0x0000000116023000, 0x00000001260aac00, 0x00000001260ab400,
0x00000001260abc00, 0x00000001260ac400, 0x00000001260b4c00, 0x000000011601d200,
0x0000000116020400, 0x000000011601a000, 0x000000012612f400, 0x00000001278bda00,
0x00000001262c8400, 0x0000000126854000, 0x0000000126851400, 0x00000001165a0c00,
0x0000000126356000, 0x000000012631cc00
}

Java Threads: ( => current thread )
  0x00000001260a6e00 JavaThread "Reference Handler"          daemon [_thread_blocked, id=24579, stack(0x000000016e588000,0x000000016e78b000) (2060K)]
  0x0000000116023000 JavaThread "Finalizer"                  daemon [_thread_blocked, id=24835, stack(0x000000016e794000,0x000000016e997000) (2060K)]
  0x00000001260aac00 JavaThread "Signal Dispatcher"          daemon [_thread_blocked, id=25091, stack(0x000000016e9a0000,0x000000016eba3000) (2060K)]
  0x00000001260ab400 JavaThread "Service Thread"             daemon [_thread_blocked, id=25347, stack(0x000000016ebac000,0x000000016edaf000) (2060K)]
  0x00000001260abc00 JavaThread "Monitor Deflation Thread"   daemon [_thread_blocked, id=25859, stack(0x000000016edb8000,0x000000016efbb000) (2060K)]
  0x00000001260ac400 JavaThread "C2 CompilerThread0"         daemon [_thread_blocked, id=28419, stack(0x000000016efc4000,0x000000016f1c7000) (2060K)]
  0x00000001260b4c00 JavaThread "C1 CompilerThread0"         daemon [_thread_blocked, id=27907, stack(0x000000016f1d0000,0x000000016f3d3000) (2060K)]
  0x000000011601d200 JavaThread "Notification Thread"        daemon [_thread_blocked, id=26627, stack(0x000000016f3dc000,0x000000016f5df000) (2060K)]
  0x0000000116020400 JavaThread "Common-Cleaner"             daemon [_thread_blocked, id=26883, stack(0x000000016f5e8000,0x000000016f7eb000) (2060K)]
=>0x000000011601a000 JavaThread "AppKit Thread"              daemon [_thread_in_native, id=259, stack(0x000000016cb88000,0x000000016d384000) (8176K)]
  0x000000012612f400 JavaThread "AWT-Shutdown"                      [_thread_blocked, id=45579, stack(0x000000016f7f4000,0x000000016f9f7000) (2060K)]
  0x00000001278bda00 JavaThread "Java2D Queue Flusher"       daemon [_thread_blocked, id=83207, stack(0x000000016fb18000,0x000000016fd1b000) (2060K)]
  0x00000001262c8400 JavaThread "Java2D Disposer"            daemon [_thread_blocked, id=82435, stack(0x000000016fd24000,0x000000016ff27000) (2060K)]
  0x0000000126854000 JavaThread "AWT-EventQueue-0"                  [_thread_blocked, id=82183, stack(0x000000016ff30000,0x0000000170133000) (2060K)]
  0x0000000126851400 JavaThread "DestroyJavaVM"                     [_thread_blocked, id=8707, stack(0x000000016d410000,0x000000016d613000) (2060K)]
  0x00000001165a0c00 JavaThread "Image Fetcher 0"            daemon [_thread_blocked, id=70915, stack(0x000000017013c000,0x000000017033f000) (2060K)]
  0x0000000126356000 JavaThread "mysql-cj-abandoned-connection-cleanup" daemon [_thread_blocked, id=76811, stack(0x0000000355df4000,0x0000000355ff7000) (2060K)]
  0x000000012631cc00 JavaThread "TimerQueue"                 daemon [_thread_blocked, id=1839, stack(0x0000000357604000,0x0000000357807000) (2060K)]
Total: 18

Other Threads:
  0x0000000127007250 VMThread "VM Thread"                           [id=19459, stack(0x000000016e264000,0x000000016e467000) (2060K)]
  0x0000000125e0dd30 WatcherThread "VM Periodic Task Thread"        [id=20743, stack(0x000000016e058000,0x000000016e25b000) (2060K)]
  0x0000000125e08270 WorkerThread "GC Thread#0"                     [id=13827, stack(0x000000016d61c000,0x000000016d81f000) (2060K)]
  0x0000000127047a60 WorkerThread "GC Thread#1"                     [id=126983, stack(0x000000035ae9c000,0x000000035b09f000) (2060K)]
  0x000000012707cf50 WorkerThread "GC Thread#2"                     [id=92419, stack(0x000000035b0a8000,0x000000035b2ab000) (2060K)]
  0x0000000127087430 WorkerThread "GC Thread#3"                     [id=92931, stack(0x000000035b2b4000,0x000000035b4b7000) (2060K)]
  0x0000000357527420 WorkerThread "GC Thread#4"                     [id=93443, stack(0x000000035b4c0000,0x000000035b6c3000) (2060K)]
  0x00000003575277d0 WorkerThread "GC Thread#5"                     [id=126723, stack(0x000000035b6cc000,0x000000035b8cf000) (2060K)]
  0x000000035741fd80 WorkerThread "GC Thread#6"                     [id=75823, stack(0x000000035b8d8000,0x000000035badb000) (2060K)]
  0x0000000357422580 WorkerThread "GC Thread#7"                     [id=126211, stack(0x000000035bae4000,0x000000035bce7000) (2060K)]
  0x0000000125e08a20 ConcurrentGCThread "G1 Main Marker"            [id=12547, stack(0x000000016d828000,0x000000016da2b000) (2060K)]
  0x0000000125e093a0 WorkerThread "G1 Conc#0"                       [id=16387, stack(0x000000016da34000,0x000000016dc37000) (2060K)]
  0x000000035741e780 WorkerThread "G1 Conc#1"                       [id=125955, stack(0x000000035bcf0000,0x000000035bef3000) (2060K)]
  0x0000000126099e00 ConcurrentGCThread "G1 Refine#0"               [id=21507, stack(0x000000016dc40000,0x000000016de43000) (2060K)]
  0x0000000125e0b8d0 ConcurrentGCThread "G1 Service"                [id=21251, stack(0x000000016de4c000,0x000000016e04f000) (2060K)]
Total: 15

Threads with active compile tasks:
Total: 0

VM state: not at safepoint (normal execution)

VM Mutex/Monitor currently owned by a thread: None

Heap address: 0x0000000780000000, size: 2048 MB, Compressed Oops mode: Zero based, Oop shift amount: 3

CDS archive(s) mapped at: [0x0000100000000000-0x0000100000d20000-0x0000100000d20000), size 13762560, SharedBaseAddress: 0x0000100000000000, ArchiveRelocationMode: 1.
Compressed class space mapped at: 0x0000100001000000-0x0000100041000000, reserved size: 1073741824
UseCompressedClassPointers 1, UseCompactObjectHeaders 0
Narrow klass pointer bits 32, Max shift 3
Narrow klass base: 0x0000100000000000, Narrow klass shift: 0
Encoding Range: [0x0000100000000000 - 0x0000100100000000), (4294967296 bytes)
Klass Range:    [0x0000100000000000 - 0x0000100041000000), (1090519040 bytes)
Klass ID Range:  [8 - 1090519033) (1090519025)

GC Precious Log:
 CardTable entry size: 512
 Card Set container configuration: InlinePtr #cards 5 size 8 Array Of Cards #cards 10 size 36 Howl #buckets 4 coarsen threshold 1843 Howl Bitmap #cards 512 size 80 coarsen threshold 460 Card regions per heap region 1 cards per card region 2048
 CPUs: 8 total, 8 available
 Memory: 8192M
 Large Page Support: Disabled
 NUMA Support: Disabled
 Compressed Oops: Enabled (Zero based)
 Heap Region Size: 1M
 Heap Min Capacity: 8M
 Heap Initial Capacity: 128M
 Heap Max Capacity: 2G
 Pre-touch: Disabled
 Parallel Workers: 8
 Concurrent Workers: 2
 Concurrent Refinement Workers: 8
 Periodic GC: Disabled

Heap:
 garbage-first heap   total reserved 2097152K, committed 34816K, used 9974K [0x0000000780000000, 0x0000000800000000)
  region size 1024K, 8 young (8192K), 6 survivors (6144K)
 Metaspace       used 21426K, committed 21760K, reserved 1114112K
  class space    used 2136K, committed 2304K, reserved 1048576K

Heap Regions: E=young(eden), S=young(survivor), O=old, HS=humongous(starts), HC=humongous(continues), CS=collection set, F=free, TAMS=top-at-mark-start, PB=parsable bottom
|   0|0x0000000780000000, 0x0000000780100000, 0x0000000780100000|100%|HS|  |TAMS 0x0000000780000000| PB 0x0000000780000000| Complete |  0
|   1|0x0000000780100000, 0x00000007801a55e0, 0x0000000780200000| 64%| O|  |TAMS 0x0000000780100000| PB 0x0000000780100000| Untracked |  0
|   2|0x0000000780200000, 0x0000000780200000, 0x0000000780300000|  0%| F|  |TAMS 0x0000000780200000| PB 0x0000000780200000| Untracked |  0
|   3|0x0000000780300000, 0x0000000780300000, 0x0000000780400000|  0%| F|  |TAMS 0x0000000780300000| PB 0x0000000780300000| Untracked |  0
|   4|0x0000000780400000, 0x0000000780400000, 0x0000000780500000|  0%| F|  |TAMS 0x0000000780400000| PB 0x0000000780400000| Untracked |  0
|   5|0x0000000780500000, 0x0000000780500000, 0x0000000780600000|  0%| F|  |TAMS 0x0000000780500000| PB 0x0000000780500000| Untracked |  0
|   6|0x0000000780600000, 0x0000000780600000, 0x0000000780700000|  0%| F|  |TAMS 0x0000000780600000| PB 0x0000000780600000| Untracked |  0
|   7|0x0000000780700000, 0x0000000780700000, 0x0000000780800000|  0%| F|  |TAMS 0x0000000780700000| PB 0x0000000780700000| Untracked |  0
|   8|0x0000000780800000, 0x0000000780800000, 0x0000000780900000|  0%| F|  |TAMS 0x0000000780800000| PB 0x0000000780800000| Untracked |  0
|   9|0x0000000780900000, 0x0000000780900000, 0x0000000780a00000|  0%| F|  |TAMS 0x0000000780900000| PB 0x0000000780900000| Untracked |  0
|  10|0x0000000780a00000, 0x0000000780a00000, 0x0000000780b00000|  0%| F|  |TAMS 0x0000000780a00000| PB 0x0000000780a00000| Untracked |  0
|  11|0x0000000780b00000, 0x0000000780b00000, 0x0000000780c00000|  0%| F|  |TAMS 0x0000000780b00000| PB 0x0000000780b00000| Untracked |  0
|  12|0x0000000780c00000, 0x0000000780c00000, 0x0000000780d00000|  0%| F|  |TAMS 0x0000000780c00000| PB 0x0000000780c00000| Untracked |  0
|  13|0x0000000780d00000, 0x0000000780d00000, 0x0000000780e00000|  0%| F|  |TAMS 0x0000000780d00000| PB 0x0000000780d00000| Untracked |  0
|  14|0x0000000780e00000, 0x0000000780e00000, 0x0000000780f00000|  0%| F|  |TAMS 0x0000000780e00000| PB 0x0000000780e00000| Untracked |  0
|  15|0x0000000780f00000, 0x0000000780f00000, 0x0000000781000000|  0%| F|  |TAMS 0x0000000780f00000| PB 0x0000000780f00000| Untracked |  0
|  16|0x0000000781000000, 0x0000000781000000, 0x0000000781100000|  0%| F|  |TAMS 0x0000000781000000| PB 0x0000000781000000| Untracked |  0
|  17|0x0000000781100000, 0x0000000781100000, 0x0000000781200000|  0%| F|  |TAMS 0x0000000781100000| PB 0x0000000781100000| Untracked |  0
|  18|0x0000000781200000, 0x0000000781200000, 0x0000000781300000|  0%| F|  |TAMS 0x0000000781200000| PB 0x0000000781200000| Untracked |  0
|  19|0x0000000781300000, 0x0000000781300000, 0x0000000781400000|  0%| F|  |TAMS 0x0000000781300000| PB 0x0000000781300000| Untracked |  0
|  20|0x0000000781400000, 0x0000000781400000, 0x0000000781500000|  0%| F|  |TAMS 0x0000000781400000| PB 0x0000000781400000| Untracked |  0
|  21|0x0000000781500000, 0x0000000781500000, 0x0000000781600000|  0%| F|  |TAMS 0x0000000781500000| PB 0x0000000781500000| Untracked |  0
|  22|0x0000000781600000, 0x0000000781600000, 0x0000000781700000|  0%| F|  |TAMS 0x0000000781600000| PB 0x0000000781600000| Untracked |  0
|  23|0x0000000781700000, 0x0000000781700000, 0x0000000781800000|  0%| F|  |TAMS 0x0000000781700000| PB 0x0000000781700000| Untracked |  0
|  87|0x0000000785700000, 0x0000000785800000, 0x0000000785800000|100%| S|CS|TAMS 0x0000000785700000| PB 0x0000000785700000| Complete |  0
|  88|0x0000000785800000, 0x0000000785900000, 0x0000000785900000|100%| S|CS|TAMS 0x0000000785800000| PB 0x0000000785800000| Complete |  0
|  89|0x0000000785900000, 0x0000000785a00000, 0x0000000785a00000|100%| S|CS|TAMS 0x0000000785900000| PB 0x0000000785900000| Complete |  0
|  90|0x0000000785a00000, 0x0000000785b00000, 0x0000000785b00000|100%| S|CS|TAMS 0x0000000785a00000| PB 0x0000000785a00000| Complete |  0
|  91|0x0000000785b00000, 0x0000000785c00000, 0x0000000785c00000|100%| S|CS|TAMS 0x0000000785b00000| PB 0x0000000785b00000| Complete |  0
|  92|0x0000000785c00000, 0x0000000785d00000, 0x0000000785d00000|100%| S|CS|TAMS 0x0000000785c00000| PB 0x0000000785c00000| Complete |  0
| 126|0x0000000787e00000, 0x0000000787f00000, 0x0000000787f00000|100%| E|  |TAMS 0x0000000787e00000| PB 0x0000000787e00000| Complete |  0
| 127|0x0000000787f00000, 0x0000000788000000, 0x0000000788000000|100%| E|CS|TAMS 0x0000000787f00000| PB 0x0000000787f00000| Complete |  0
|2046|0x00000007ffe00000, 0x00000007fff00000, 0x00000007fff00000|100%| O|  |TAMS 0x00000007ffe00000| PB 0x00000007ffe00000| Untracked |  0
|2047|0x00000007fff00000, 0x00000007fff183d8, 0x0000000800000000|  9%| O|Cm|TAMS 0x00000007fff00000| PB 0x00000007fff00000| Complete |  0

Card table byte_map: [0x000000010357c000,0x000000010397c000] _byte_map_base: 0x00000000ff97c000

Marking Bits: (CMBitMap*) 0x0000000126035810
 Bits: [0x000000010d850000, 0x000000010f850000)

Polling page: 0x0000000102a90000

Metaspace:

Usage:
  Non-class:     18.84 MB used.
      Class:      2.09 MB used.
       Both:     20.92 MB used.

Virtual space:
  Non-class space:       64.00 MB reserved,      19.00 MB ( 30%) committed,  1 nodes.
      Class space:        1.00 GB reserved,       2.25 MB ( <1%) committed,  1 nodes.
             Both:        1.06 GB reserved,      21.25 MB (  2%) committed. 

Chunk freelists:
   Non-Class:  12.66 MB
       Class:  13.68 MB
        Both:  26.34 MB

MaxMetaspaceSize: unlimited
CompressedClassSpaceSize: 1.00 GB
Initial GC threshold: 21.00 MB
Current GC threshold: 35.12 MB
CDS: on
 - commit_granule_bytes: 65536.
 - commit_granule_words: 8192.
 - virtual_space_node_default_size: 8388608.
 - enlarge_chunks_in_place: 1.
UseCompressedClassPointers 1, UseCompactObjectHeaders 0
Narrow klass pointer bits 32, Max shift 3
Narrow klass base: 0x0000100000000000, Narrow klass shift: 0
Encoding Range: [0x0000100000000000 - 0x0000100100000000), (4294967296 bytes)
Klass Range:    [0x0000100000000000 - 0x0000100041000000), (1090519040 bytes)
Klass ID Range:  [8 - 1090519033) (1090519025)


Internal statistics:

num_allocs_failed_limit: 3.
num_arena_births: 232.
num_arena_deaths: 0.
num_vsnodes_births: 2.
num_vsnodes_deaths: 0.
num_space_committed: 340.
num_space_uncommitted: 0.
num_chunks_returned_to_freelist: 3.
num_chunks_taken_from_freelist: 434.
num_chunk_merges: 0.
num_chunk_splits: 286.
num_chunks_enlarged: 197.
num_inconsistent_stats: 0.

CodeHeap 'non-profiled nmethods': size=120048Kb used=535Kb max_used=535Kb free=119512Kb
 bounds [0x0000000137ac4000, 0x0000000137d34000, 0x000000013f000000]
CodeHeap 'profiled nmethods': size=120016Kb used=4345Kb max_used=4345Kb free=115670Kb
 bounds [0x0000000130000000, 0x0000000130440000, 0x0000000137534000]
CodeHeap 'non-nmethods': size=5696Kb used=1607Kb max_used=1626Kb free=4088Kb
 bounds [0x0000000137534000, 0x00000001377a4000, 0x0000000137ac4000]
CodeCache: size=245760Kb, used=6487Kb, max_used=6506Kb, free=239270Kb
 total_blobs=3335, nmethods=2464, adapters=780, full_count=0
Compilation: enabled, stopped_count=0, restarted_count=0

Compilation events (20 events):
Event: 1.956 Thread 0x00000001260b4c00 2463       3       sun.awt.SunToolkit::getSystemEventQueueImplPP (13 bytes)
Event: 1.956 Thread 0x00000001260b4c00 nmethod 2463 0x000000013043a448 code [0x000000013043a580, 0x000000013043a828]
Event: 1.957 Thread 0x00000001260b4c00 2464       3       java.util.HashMap::afterNodeRemoval (1 bytes)
Event: 1.957 Thread 0x00000001260b4c00 nmethod 2464 0x000000013043a888 code [0x000000013043a980, 0x000000013043aa98]
Event: 1.964 Thread 0x00000001260b4c00 2465       3       java.awt.Toolkit::getEventQueue (7 bytes)
Event: 1.965 Thread 0x00000001260b4c00 nmethod 2465 0x000000013043aac8 code [0x000000013043ac40, 0x000000013043b140]
Event: 1.965 Thread 0x00000001260b4c00 2466       3       sun.awt.SunToolkit::getSystemEventQueueImpl (4 bytes)
Event: 1.965 Thread 0x00000001260b4c00 nmethod 2466 0x000000013043b1c8 code [0x000000013043b340, 0x000000013043b740]
Event: 1.972 Thread 0x00000001260ac400 2467       4       java.awt.Component::inside (30 bytes)
Event: 1.973 Thread 0x00000001260ac400 nmethod 2467 0x0000000137b49a88 code [0x0000000137b49b80, 0x0000000137b49c38]
Event: 2.059 Thread 0x00000001260b4c00 2468       3       sun.java2d.pipe.Region::getInstanceXYXY (12 bytes)
Event: 2.059 Thread 0x00000001260b4c00 nmethod 2468 0x000000013043b7c8 code [0x000000013043b900, 0x000000013043baf0]
Event: 2.059 Thread 0x00000001260b4c00 2469       3       java.awt.EventQueue::getPriority (78 bytes)
Event: 2.059 Thread 0x00000001260b4c00 nmethod 2469 0x000000013043bb48 code [0x000000013043bcc0, 0x000000013043c230]
Event: 2.059 Thread 0x00000001260b4c00 2470       3       java.awt.EventQueue::postEvent (172 bytes)
Event: 2.060 Thread 0x00000001260b4c00 nmethod 2470 0x000000013043c288 code [0x000000013043c600, 0x000000013043da90]
Event: 2.081 Thread 0x00000001260b4c00 2471       3       sun.java2d.pipe.Region::getInstanceXYWH (16 bytes)
Event: 2.081 Thread 0x00000001260b4c00 nmethod 2471 0x000000013043db88 code [0x000000013043dcc0, 0x000000013043df78]
Event: 2.097 Thread 0x00000001260b4c00 2472       3       java.awt.event.MouseEvent::getModifiersEx (29 bytes)
Event: 2.098 Thread 0x00000001260b4c00 nmethod 2472 0x000000013043dfc8 code [0x000000013043e140, 0x000000013043e538]

GC Heap History (2 events):
Event: 1.023 GC heap before
{Heap before GC invocations=0 (full 0):
 garbage-first heap   total reserved 2097152K, committed 133120K, used 36960K [0x0000000780000000, 0x0000000800000000)
  region size 1024K, 35 young (35840K), 0 survivors (0K)
 Metaspace       used 21171K, committed 21504K, reserved 1114112K
  class space    used 2116K, committed 2304K, reserved 1048576K
}
Event: 1.027 GC heap after
{Heap after GC invocations=1 (full 0):
 garbage-first heap   total reserved 2097152K, committed 133120K, used 8950K [0x0000000780000000, 0x0000000800000000)
  region size 1024K, 6 young (6144K), 6 survivors (6144K)
 Metaspace       used 21171K, committed 21504K, reserved 1114112K
  class space    used 2116K, committed 2304K, reserved 1048576K
}

Dll operation events (10 events):
Event: 0.002 Loaded shared library /Library/Java/JavaVirtualMachines/jdk-24.jdk/Contents/Home/lib/libjava.dylib
Event: 0.013 Loaded shared library /Library/Java/JavaVirtualMachines/jdk-24.jdk/Contents/Home/lib/libnio.dylib
Event: 0.014 Loaded shared library /Library/Java/JavaVirtualMachines/jdk-24.jdk/Contents/Home/lib/libzip.dylib
Event: 0.029 Loaded shared library /Library/Java/JavaVirtualMachines/jdk-24.jdk/Contents/Home/lib/libjimage.dylib
Event: 0.033 Loaded shared library /Library/Java/JavaVirtualMachines/jdk-24.jdk/Contents/Home/lib/libawt.dylib
Event: 0.034 Loaded shared library /Library/Java/JavaVirtualMachines/jdk-24.jdk/Contents/Home/lib/libawt_lwawt.dylib
Event: 0.046 Loaded shared library /Library/Java/JavaVirtualMachines/jdk-24.jdk/Contents/Home/lib/libfontmanager.dylib
Event: 0.138 Loaded shared library /Library/Java/JavaVirtualMachines/jdk-24.jdk/Contents/Home/lib/libosxui.dylib
Event: 0.744 Loaded shared library /Library/Java/JavaVirtualMachines/jdk-24.jdk/Contents/Home/lib/libnet.dylib
Event: 0.751 Loaded shared library /Library/Java/JavaVirtualMachines/jdk-24.jdk/Contents/Home/lib/libextnet.dylib

Deoptimization events (20 events):
Event: 1.028 Thread 0x0000000126854000 DEOPT PACKING pc=0x0000000137aebdc0 sp=0x0000000170130570
Event: 1.028 Thread 0x0000000126854000 DEOPT UNPACKING pc=0x0000000137642e1c sp=0x00000001701304e0 mode 2
Event: 1.033 Thread 0x0000000126854000 DEOPT PACKING pc=0x00000001303d4a08 sp=0x0000000170130610
Event: 1.033 Thread 0x0000000126854000 DEOPT UNPACKING pc=0x0000000137575ebc sp=0x0000000170130310 mode 3
Event: 1.039 Thread 0x0000000126854000 DEOPT PACKING pc=0x00000001303d37e4 sp=0x0000000170130560
Event: 1.039 Thread 0x0000000126854000 DEOPT UNPACKING pc=0x0000000137575ebc sp=0x00000001701300d0 mode 0
Event: 1.039 Thread 0x0000000126854000 DEOPT PACKING pc=0x00000001303d063c sp=0x00000001701304c0
Event: 1.039 Thread 0x0000000126854000 DEOPT UNPACKING pc=0x0000000137575ebc sp=0x0000000170130180 mode 0
Event: 1.040 Thread 0x0000000126854000 DEOPT PACKING pc=0x00000001303d063c sp=0x00000001701304c0
Event: 1.040 Thread 0x0000000126854000 DEOPT UNPACKING pc=0x0000000137575ebc sp=0x0000000170130180 mode 0
Event: 1.049 Thread 0x0000000126854000 DEOPT PACKING pc=0x000000013010b520 sp=0x0000000170132040
Event: 1.049 Thread 0x0000000126854000 DEOPT UNPACKING pc=0x0000000137575ebc sp=0x0000000170131d80 mode 3
Event: 1.051 Thread 0x0000000126854000 Uncommon trap: trap_request=0xffffff4d fr.pc=0x0000000137af1e08 relative=0x0000000000000708
Event: 1.051 Thread 0x0000000126854000 Uncommon trap: reason=unstable_if action=reinterpret pc=0x0000000137af1e08 method=java.lang.ref.SoftReference.get()Ljava/lang/Object; @ 17 c2
Event: 1.051 Thread 0x0000000126854000 DEOPT PACKING pc=0x0000000137af1e08 sp=0x0000000170131880
Event: 1.051 Thread 0x0000000126854000 DEOPT UNPACKING pc=0x0000000137642e1c sp=0x00000001701316f0 mode 2
Event: 1.052 Thread 0x0000000126854000 Uncommon trap: trap_request=0xffffff4d fr.pc=0x0000000137b0fc5c relative=0x000000000000009c
Event: 1.052 Thread 0x0000000126854000 Uncommon trap: reason=unstable_if action=reinterpret pc=0x0000000137b0fc5c method=java.lang.ref.ReferenceQueue.poll()Ljava/lang/ref/Reference; @ 4 c2
Event: 1.052 Thread 0x0000000126854000 DEOPT PACKING pc=0x0000000137b0fc5c sp=0x0000000170130e60
Event: 1.052 Thread 0x0000000126854000 DEOPT UNPACKING pc=0x0000000137642e1c sp=0x0000000170130d60 mode 2

Classes loaded (20 events):
Event: 1.051 Loading class java/awt/Container$MouseEventTargetFilter
Event: 1.051 Loading class java/awt/Container$EventTargetFilter
Event: 1.051 Loading class java/awt/Container$EventTargetFilter done
Event: 1.051 Loading class java/awt/Container$MouseEventTargetFilter done
Event: 1.051 Loading class java/awt/event/AWTEventListenerProxy
Event: 1.051 Loading class java/awt/event/AWTEventListenerProxy done
Event: 1.051 Loading class java/awt/Toolkit$SelectiveAWTEventListener
Event: 1.051 Loading class java/awt/Toolkit$SelectiveAWTEventListener done
Event: 1.051 Loading class java/awt/Toolkit$ToolkitEventMulticaster
Event: 1.051 Loading class java/awt/Toolkit$ToolkitEventMulticaster done
Event: 1.051 Loading class sun/awt/im/InputMethodWindow
Event: 1.051 Loading class sun/awt/im/InputMethodWindow done
Event: 1.052 Loading class sun/awt/im/CompositionAreaHandler
Event: 1.052 Loading class sun/awt/im/CompositionAreaHandler done
Event: 1.052 Loading class java/text/AttributedString
Event: 1.052 Loading class java/text/AttributedString done
Event: 1.052 Loading class java/text/AttributedString$AttributedStringIterator
Event: 1.052 Loading class java/text/AttributedCharacterIterator
Event: 1.052 Loading class java/text/AttributedCharacterIterator done
Event: 1.052 Loading class java/text/AttributedString$AttributedStringIterator done

Classes unloaded (0 events):
No events

Classes redefined (0 events):
No events

Internal exceptions (20 events):
Event: 0.280 Thread 0x0000000126854000 Exception <a 'java/lang/NoSuchMethodError'{0x000000078731ac30}: 'void java.lang.invoke.DirectMethodHandle$Holder.invokeStatic(java.lang.Object, int, long)'> (0x000000078731ac30) 
thrown [open/src/hotspot/share/interpreter/linkResolver.cpp, line 805]
Event: 0.286 Thread 0x0000000126854000 Exception <a 'java/lang/NoSuchMethodError'{0x00000007873672c8}: 'java.lang.Object java.lang.invoke.Invokers$Holder.linkToTargetMethod(int, int, int, int, java.lang.Object)'> (0x00000007873672c8) 
thrown [open/src/hotspot/share/interpreter/linkResolver.cpp, line 805]
Event: 0.286 Thread 0x0000000126854000 Exception <a 'java/lang/NoSuchMethodError'{0x000000078736f800}: 'void java.lang.invoke.DirectMethodHandle$Holder.invokeStatic(java.lang.Object, java.lang.Object, long)'> (0x000000078736f800) 
thrown [open/src/hotspot/share/interpreter/linkResolver.cpp, line 805]
Event: 0.292 Thread 0x000000011601a000 Exception <a 'java/lang/NoSuchMethodError'{0x0000000787ddf788}: 'void java.lang.invoke.DirectMethodHandle$Holder.invokeSpecial(java.lang.Object, java.lang.Object, long)'> (0x0000000787ddf788) 
thrown [open/src/hotspot/share/interpreter/linkResolver.cpp, line 805]
Event: 0.294 Thread 0x000000011601a000 Exception <a 'java/lang/NoSuchMethodError'{0x00000007872215f0}: 'void java.lang.invoke.DelegatingMethodHandle$Holder.reinvoke_L(java.lang.Object, java.lang.Object, java.lang.Object, java.lang.Object, long, long, float)'> (0x00000007872215f0) 
thrown [open/src/hotspot/share/interpreter/linkResolver.cpp, line 805]
Event: 0.323 Thread 0x000000011601a000 Exception <a 'java/lang/NoSuchMethodError'{0x0000000787242070}: 'void java.lang.invoke.DirectMethodHandle$Holder.invokeStatic(java.lang.Object, long)'> (0x0000000787242070) 
thrown [open/src/hotspot/share/interpreter/linkResolver.cpp, line 805]
Event: 0.690 Thread 0x000000011601a000 Exception <a 'java/lang/NoSuchMethodError'{0x00000007872766b8}: 'void java.lang.invoke.DelegatingMethodHandle$Holder.reinvoke_L(java.lang.Object, java.lang.Object, java.lang.Object, java.lang.Object, long, long, double)'> (0x00000007872766b8) 
thrown [open/src/hotspot/share/interpreter/linkResolver.cpp, line 805]
Event: 0.696 Thread 0x0000000126854000 Exception <a 'java/lang/NoSuchMethodError'{0x00000007871d6f50}: 'void java.lang.invoke.DirectMethodHandle$Holder.invokeStatic(java.lang.Object, java.lang.Object)'> (0x00000007871d6f50) 
thrown [open/src/hotspot/share/interpreter/linkResolver.cpp, line 805]
Event: 0.705 Thread 0x0000000126854000 Exception <a 'java/lang/NoSuchMethodError'{0x0000000786f852d8}: 'java.lang.Object java.lang.invoke.DirectMethodHandle$Holder.invokeInterface(java.lang.Object, java.lang.Object)'> (0x0000000786f852d8) 
thrown [open/src/hotspot/share/interpreter/linkResolver.cpp, line 805]
Event: 0.720 Thread 0x0000000126854000 Exception <a 'java/lang/NoSuchMethodError'{0x0000000786c3e800}: 'void java.lang.invoke.DirectMethodHandle$Holder.invokeStatic(java.lang.Object, java.lang.Object, java.lang.Object)'> (0x0000000786c3e800) 
thrown [open/src/hotspot/share/interpreter/linkResolver.cpp, line 805]
Event: 0.721 Thread 0x0000000126854000 Exception <a 'java/lang/NoSuchMethodError'{0x0000000786c56250}: 'java.lang.Object java.lang.invoke.DirectMethodHandle$Holder.invokeVirtual(java.lang.Object, java.lang.Object, java.lang.Object)'> (0x0000000786c56250) 
thrown [open/src/hotspot/share/interpreter/linkResolver.cpp, line 805]
Event: 0.801 Thread 0x0000000126854000 Exception <a 'java/lang/NoSuchMethodError'{0x0000000786648be0}: 'void java.lang.invoke.DirectMethodHandle$Holder.invokeStaticInit(java.lang.Object, java.lang.Object)'> (0x0000000786648be0) 
thrown [open/src/hotspot/share/interpreter/linkResolver.cpp, line 805]
Event: 0.910 Thread 0x0000000126854000 Exception <a 'java/lang/NoSuchMethodError'{0x0000000786388498}: 'void java.lang.invoke.DirectMethodHandle$Holder.invokeVirtual(java.lang.Object, java.lang.Object)'> (0x0000000786388498) 
thrown [open/src/hotspot/share/interpreter/linkResolver.cpp, line 805]
Event: 0.927 Thread 0x0000000126854000 Exception <a 'java/lang/NoSuchMethodError'{0x0000000786259130}: 'java.lang.Object java.lang.invoke.Invokers$Holder.invoke_MT(java.lang.Object, java.lang.Object, java.lang.Object, java.lang.Object, java.lang.Object, java.lang.Object)'> (0x0000000786259130) 
thrown [open/src/hotspot/share/interpreter/linkResolver.cpp, line 805]
Event: 0.927 Thread 0x0000000126854000 Exception <a 'java/lang/NoSuchMethodError'{0x0000000786261e00}: 'java.lang.Object java.lang.invoke.DirectMethodHandle$Holder.invokeStatic(java.lang.Object, java.lang.Object, int)'> (0x0000000786261e00) 
thrown [open/src/hotspot/share/interpreter/linkResolver.cpp, line 805]
Event: 0.928 Thread 0x0000000126854000 Exception <a 'java/lang/NoSuchMethodError'{0x000000078627f5e8}: 'void java.lang.invoke.DelegatingMethodHandle$Holder.delegate(java.lang.Object, java.lang.Object, int, java.lang.Object)'> (0x000000078627f5e8) 
thrown [open/src/hotspot/share/interpreter/linkResolver.cpp, line 805]
Event: 0.936 Thread 0x0000000126854000 Exception <a 'java/lang/NoSuchMethodError'{0x000000078618e510}: 'void java.lang.invoke.DirectMethodHandle$Holder.invokeStatic(java.lang.Object, java.lang.Object, java.lang.Object, java.lang.Object)'> (0x000000078618e510) 
thrown [open/src/hotspot/share/interpreter/linkResolver.cpp, line 805]
Event: 0.941 Thread 0x0000000126854000 Exception <a 'java/lang/NoSuchMethodError'{0x0000000786027ac8}: 'void java.lang.invoke.DirectMethodHandle$Holder.invokeInterface(java.lang.Object, java.lang.Object, java.lang.Object, java.lang.Object)'> (0x0000000786027ac8) 
thrown [open/src/hotspot/share/interpreter/linkResolver.cpp, line 805]
Event: 0.974 Thread 0x0000000126854000 Exception <a 'java/lang/NoSuchMethodError'{0x0000000785e41d38}: 'void java.lang.invoke.DirectMethodHandle$Holder.invokeStatic(java.lang.Object, long, long)'> (0x0000000785e41d38) 
thrown [open/src/hotspot/share/interpreter/linkResolver.cpp, line 805]
Event: 0.975 Thread 0x0000000126854000 Exception <a 'java/lang/NoSuchMethodError'{0x0000000785e50b60}: 'java.lang.Object java.lang.invoke.DirectMethodHandle$Holder.newInvokeSpecial(java.lang.Object, long)'> (0x0000000785e50b60) 
thrown [open/src/hotspot/share/interpreter/linkResolver.cpp, line 805]

VM Operations (20 events):
Event: 0.804 Executing VM operation: HandshakeAllThreads (Deoptimize)
Event: 0.804 Executing VM operation: HandshakeAllThreads (Deoptimize) done
Event: 0.843 Executing VM operation: HandshakeAllThreads (Deoptimize)
Event: 0.843 Executing VM operation: HandshakeAllThreads (Deoptimize) done
Event: 0.915 Executing VM operation: HandshakeAllThreads (Deoptimize)
Event: 0.915 Executing VM operation: HandshakeAllThreads (Deoptimize) done
Event: 0.928 Executing VM operation: HandshakeAllThreads (Deoptimize)
Event: 0.928 Executing VM operation: HandshakeAllThreads (Deoptimize) done
Event: 0.929 Executing VM operation: HandshakeAllThreads (Deoptimize)
Event: 0.929 Executing VM operation: HandshakeAllThreads (Deoptimize) done
Event: 0.930 Executing VM operation: HandshakeAllThreads (Deoptimize)
Event: 0.930 Executing VM operation: HandshakeAllThreads (Deoptimize) done
Event: 0.991 Executing VM operation: HandshakeAllThreads (Deoptimize)
Event: 0.991 Executing VM operation: HandshakeAllThreads (Deoptimize) done
Event: 1.023 Executing VM operation: CollectForMetadataAllocation (Metadata GC Threshold)
Event: 1.027 Executing VM operation: CollectForMetadataAllocation (Metadata GC Threshold) done
Event: 1.029 Executing VM operation: G1PauseRemark
Event: 1.030 Executing VM operation: G1PauseRemark done
Event: 1.031 Executing VM operation: G1PauseCleanup
Event: 1.031 Executing VM operation: G1PauseCleanup done

Memory protections (20 events):
Event: 0.002 Protecting memory [0x000000016d410000,0x000000016d41c000] with protection modes 0
Event: 0.009 Protecting memory [0x000000016e588000,0x000000016e594000] with protection modes 0
Event: 0.009 Protecting memory [0x000000016e794000,0x000000016e7a0000] with protection modes 0
Event: 0.009 Protecting memory [0x000000016e9a0000,0x000000016e9ac000] with protection modes 0
Event: 0.009 Protecting memory [0x000000016ebac000,0x000000016ebb8000] with protection modes 0
Event: 0.009 Protecting memory [0x000000016edb8000,0x000000016edc4000] with protection modes 0
Event: 0.010 Protecting memory [0x000000016efc4000,0x000000016efd0000] with protection modes 0
Event: 0.010 Protecting memory [0x000000016f1d0000,0x000000016f1dc000] with protection modes 0
Event: 0.011 Protecting memory [0x000000016f3dc000,0x000000016f3e8000] with protection modes 0
Event: 0.012 Protecting memory [0x000000016f5e8000,0x000000016f5f4000] with protection modes 0
Event: 0.049 Protecting memory [0x000000016cb88000,0x000000016cb94000] with protection modes 0
Event: 0.078 Protecting memory [0x000000016f7f4000,0x000000016f800000] with protection modes 0
Event: 0.173 Protecting memory [0x000000016fb18000,0x000000016fb24000] with protection modes 0
Event: 0.181 Protecting memory [0x000000016fd24000,0x000000016fd30000] with protection modes 0
Event: 0.202 Protecting memory [0x000000016ff30000,0x000000016ff3c000] with protection modes 0
Event: 0.202 Protecting memory [0x000000016d410000,0x000000016d41c000] with protection modes 3
Event: 0.202 Protecting memory [0x000000016d410000,0x000000016d41c000] with protection modes 0
Event: 0.236 Protecting memory [0x000000017013c000,0x0000000170148000] with protection modes 0
Event: 0.696 Protecting memory [0x0000000355df4000,0x0000000355e00000] with protection modes 0
Event: 0.953 Protecting memory [0x0000000357604000,0x0000000357610000] with protection modes 0

Nmethod flushes (0 events):
No events

Events (20 events):
Event: 0.005 Thread 0x0000000126009600 Thread added: 0x0000000126009600
Event: 0.009 Thread 0x0000000126009600 Thread added: 0x00000001260a6e00
Event: 0.009 Thread 0x0000000126009600 Thread added: 0x0000000116023000
Event: 0.009 Thread 0x0000000126009600 Thread added: 0x00000001260aac00
Event: 0.009 Thread 0x0000000126009600 Thread added: 0x00000001260ab400
Event: 0.009 Thread 0x0000000126009600 Thread added: 0x00000001260abc00
Event: 0.010 Thread 0x0000000126009600 Thread added: 0x00000001260ac400
Event: 0.010 Thread 0x0000000126009600 Thread added: 0x00000001260b4c00
Event: 0.011 Thread 0x0000000126009600 Thread added: 0x000000011601d200
Event: 0.012 Thread 0x0000000126009600 Thread added: 0x0000000116020400
Event: 0.049 Thread 0x000000011601a000 Thread added: 0x000000011601a000
Event: 0.078 Thread 0x000000011601a000 Thread added: 0x000000012612f400
Event: 0.173 Thread 0x0000000126009600 Thread added: 0x00000001278bda00
Event: 0.181 Thread 0x0000000126009600 Thread added: 0x00000001262c8400
Event: 0.202 Thread 0x0000000126009600 Thread added: 0x0000000126854000
Event: 0.202 Thread 0x0000000126009600 Thread exited: 0x0000000126009600
Event: 0.202 Thread 0x0000000126851400 Thread added: 0x0000000126851400
Event: 0.236 Thread 0x0000000126854000 Thread added: 0x00000001165a0c00
Event: 0.696 Thread 0x0000000126854000 Thread added: 0x0000000126356000
Event: 0.953 Thread 0x0000000126854000 Thread added: 0x000000012631cc00


Dynamic libraries:
0x0000000102f04000 	/Library/Java/JavaVirtualMachines/jdk-24.jdk/Contents/Home/lib/libjli.dylib
0x0000000199264000 	/System/Library/Frameworks/ApplicationServices.framework/Versions/A/ApplicationServices
0x000000018714a000 	/System/Library/Frameworks/CoreGraphics.framework/Versions/A/CoreGraphics
0x000000018397d000 	/System/Library/Frameworks/CoreText.framework/Versions/A/CoreText
0x000000018c05a000 	/System/Library/Frameworks/ImageIO.framework/Versions/A/ImageIO
0x000000018782a000 	/System/Library/Frameworks/ColorSync.framework/Versions/A/ColorSync
0x0000000191a4a000 	/System/Library/Frameworks/ApplicationServices.framework/Versions/A/Frameworks/ATS.framework/Versions/A/ATS
0x00000001957fa000 	/System/Library/Frameworks/CoreServices.framework/Versions/A/CoreServices
0x00000001879d9000 	/System/Library/Frameworks/ApplicationServices.framework/Versions/A/Frameworks/HIServices.framework/Versions/A/HIServices
0x000000019068a000 	/System/Library/Frameworks/ApplicationServices.framework/Versions/A/Frameworks/PrintCore.framework/Versions/A/PrintCore
0x0000000191e34000 	/System/Library/Frameworks/ApplicationServices.framework/Versions/A/Frameworks/QD.framework/Versions/A/QD
0x0000000191e28000 	/System/Library/Frameworks/ApplicationServices.framework/Versions/A/Frameworks/ColorSyncLegacy.framework/Versions/A/ColorSyncLegacy
0x0000000191a1a000 	/System/Library/Frameworks/ApplicationServices.framework/Versions/A/Frameworks/SpeechSynthesis.framework/Versions/A/SpeechSynthesis
0x000000018e16c000 	/usr/lib/libSystem.B.dylib
0x0000000186ca9000 	/System/Library/PrivateFrameworks/SkyLight.framework/Versions/A/SkyLight
0x000000018e172000 	/System/Library/PrivateFrameworks/SoftLinking.framework/Versions/A/SoftLinking
0x000000018464c000 	/usr/lib/libicucore.A.dylib
0x00000001892b6000 	/System/Library/PrivateFrameworks/CoreAnalytics.framework/Versions/A/CoreAnalytics
0x000000018bbd8000 	/System/Library/PrivateFrameworks/FontServices.framework/libFontParser.dylib
0x0000000195abf000 	/System/Library/Frameworks/Accelerate.framework/Versions/A/Accelerate
0x000000018b817000 	/System/Library/Frameworks/IOSurface.framework/Versions/A/IOSurface
0x0000000189ee1000 	/usr/lib/libxml2.2.dylib
0x0000000186809000 	/System/Library/Frameworks/CFNetwork.framework/Versions/A/CFNetwork
0x0000000181550000 	/System/Library/Frameworks/CoreFoundation.framework/Versions/A/CoreFoundation
0x00000001826a5000 	/System/Library/Frameworks/Foundation.framework/Versions/C/Foundation
0x000000018e0ae000 	/usr/lib/libz.1.dylib
0x0000000181110000 	/usr/lib/libobjc.A.dylib
0x0000000181404000 	/usr/lib/libc++.1.dylib
0x000000018857a000 	/System/Library/PrivateFrameworks/RunningBoardServices.framework/Versions/A/RunningBoardServices
0x0000000186bfa000 	/usr/lib/libMobileGestalt.dylib
0x0000000186c88000 	/System/Library/PrivateFrameworks/TCC.framework/Versions/A/TCC
0x000000019c125000 	/System/Library/PrivateFrameworks/IOSurfaceAccelerator.framework/Versions/A/IOSurfaceAccelerator
0x000000019006e000 	/System/Library/PrivateFrameworks/WatchdogClient.framework/Versions/A/WatchdogClient
0x000000018e321000 	/usr/lib/libcompression.dylib
0x00000001892e5000 	/usr/lib/libDiagnosticMessagesClient.dylib
0x0000000182325000 	/System/Library/Frameworks/SystemConfiguration.framework/Versions/A/SystemConfiguration
0x00000001834e9000 	/System/Library/Frameworks/CoreDisplay.framework/Versions/A/CoreDisplay
0x000000018d2e5000 	/System/Library/PrivateFrameworks/IOMobileFramebuffer.framework/Versions/A/IOMobileFramebuffer
0x000000018ba8f000 	/System/Library/Frameworks/CoreMedia.framework/Versions/A/CoreMedia
0x000000018b82f000 	/System/Library/PrivateFrameworks/IOAccelerator.framework/Versions/A/IOAccelerator
0x0000000184ca6000 	/System/Library/Frameworks/IOKit.framework/Versions/A/IOKit
0x000000018b839000 	/System/Library/Frameworks/Metal.framework/Versions/A/Metal
0x0000000189fcb000 	/System/Library/Frameworks/CoreVideo.framework/Versions/A/CoreVideo
0x000000018e319000 	/System/Library/Frameworks/MetalPerformanceShaders.framework/Versions/A/MetalPerformanceShaders
0x0000000190072000 	/System/Library/PrivateFrameworks/MultitouchSupport.framework/Versions/A/MultitouchSupport
0x0000000184279000 	/System/Library/Frameworks/Security.framework/Versions/A/Security
0x00000001897bc000 	/System/Library/Frameworks/QuartzCore.framework/Versions/A/QuartzCore
0x000000018d5ff000 	/usr/lib/libbsm.0.dylib
0x00000001900b1000 	/System/Library/Frameworks/VideoToolbox.framework/Versions/A/VideoToolbox
0x000000018a067000 	/System/Library/PrivateFrameworks/UserManagement.framework/Versions/A/UserManagement
0x00000001884a1000 	/System/Library/PrivateFrameworks/BaseBoard.framework/Versions/A/BaseBoard
0x0000000189e58000 	/System/Library/Frameworks/CoreServices.framework/Versions/A/Frameworks/FSEvents.framework/Versions/A/FSEvents
0x000000018491e000 	/System/Library/Frameworks/CoreServices.framework/Versions/A/Frameworks/CarbonCore.framework/Versions/A/CarbonCore
0x000000018932e000 	/System/Library/Frameworks/CoreServices.framework/Versions/A/Frameworks/Metadata.framework/Versions/A/Metadata
0x000000018dd95000 	/System/Library/Frameworks/CoreServices.framework/Versions/A/Frameworks/OSServices.framework/Versions/A/OSServices
0x000000018e24b000 	/System/Library/Frameworks/CoreServices.framework/Versions/A/Frameworks/SearchKit.framework/Versions/A/SearchKit
0x00000001885e1000 	/System/Library/Frameworks/CoreServices.framework/Versions/A/Frameworks/AE.framework/Versions/A/AE
0x0000000181a29000 	/System/Library/Frameworks/CoreServices.framework/Versions/A/Frameworks/LaunchServices.framework/Versions/A/LaunchServices
0x000000018f571000 	/System/Library/Frameworks/CoreServices.framework/Versions/A/Frameworks/DictionaryServices.framework/Versions/A/DictionaryServices
0x0000000189e65000 	/System/Library/Frameworks/CoreServices.framework/Versions/A/Frameworks/SharedFileList.framework/Versions/A/SharedFileList
0x000000018e2eb000 	/usr/lib/libapple_nghttp2.dylib
0x0000000188255000 	/usr/lib/libsqlite3.dylib
0x0000000188669000 	/System/Library/Frameworks/Network.framework/Versions/A/Network
0x0000000184c24000 	/System/Library/PrivateFrameworks/CoreServicesInternal.framework/Versions/A/CoreServicesInternal
0x000000018e13a000 	/usr/lib/liboah.dylib
0x000000018e16e000 	/usr/lib/libfakelink.dylib
0x0000000181491000 	/usr/lib/libc++abi.dylib
0x000000018e166000 	/usr/lib/system/libcache.dylib
0x000000018e120000 	/usr/lib/system/libcommonCrypto.dylib
0x000000018e14c000 	/usr/lib/system/libcompiler_rt.dylib
0x000000018e142000 	/usr/lib/system/libcopyfile.dylib
0x0000000181254000 	/usr/lib/system/libcorecrypto.dylib
0x000000018133a000 	/usr/lib/system/libdispatch.dylib
0x00000001814f5000 	/usr/lib/system/libdyld.dylib
0x000000018e15c000 	/usr/lib/system/libkeymgr.dylib
0x000000018e0f8000 	/usr/lib/system/libmacho.dylib
0x000000018d5d8000 	/usr/lib/system/libquarantine.dylib
0x000000018e159000 	/usr/lib/system/libremovefile.dylib
0x0000000186c70000 	/usr/lib/system/libsystem_asl.dylib
0x00000001811e9000 	/usr/lib/system/libsystem_blocks.dylib
0x0000000181385000 	/usr/lib/system/libsystem_c.dylib
0x000000018e150000 	/usr/lib/system/libsystem_collections.dylib
0x000000018c7b0000 	/usr/lib/system/libsystem_configuration.dylib
0x000000018b7ec000 	/usr/lib/system/libsystem_containermanager.dylib
0x000000018dd8f000 	/usr/lib/system/libsystem_coreservices.dylib
0x0000000184913000 	/usr/lib/system/libsystem_darwin.dylib
0x000000024995a000 	/usr/lib/system/libsystem_darwindirectory.dylib
0x000000018e15d000 	/usr/lib/system/libsystem_dnssd.dylib
0x000000024995e000 	/usr/lib/system/libsystem_eligibility.dylib
0x0000000181382000 	/usr/lib/system/libsystem_featureflags.dylib
0x0000000181523000 	/usr/lib/system/libsystem_info.dylib
0x000000018e0bd000 	/usr/lib/system/libsystem_m.dylib
0x00000001812fd000 	/usr/lib/system/libsystem_malloc.dylib
0x0000000186bdd000 	/usr/lib/system/libsystem_networkextension.dylib
0x0000000184d89000 	/usr/lib/system/libsystem_notify.dylib
0x000000018c7b5000 	/usr/lib/system/libsystem_sandbox.dylib
0x0000000249962000 	/usr/lib/system/libsystem_sanitizers.dylib
0x000000018e155000 	/usr/lib/system/libsystem_secinit.dylib
0x00000001814ad000 	/usr/lib/system/libsystem_kernel.dylib
0x000000018151b000 	/usr/lib/system/libsystem_platform.dylib
0x00000001814e8000 	/usr/lib/system/libsystem_pthread.dylib
0x0000000188660000 	/usr/lib/system/libsystem_symptoms.dylib
0x0000000181239000 	/usr/lib/system/libsystem_trace.dylib
0x000000018e12e000 	/usr/lib/system/libunwind.dylib
0x00000001811ee000 	/usr/lib/system/libxpc.dylib
0x0000000186bf8000 	/usr/lib/libenergytrace.dylib
0x000000018e100000 	/usr/lib/system/libkxld.dylib
0x0000000189e97000 	/System/Library/PrivateFrameworks/CoreAutoLayout.framework/Versions/A/CoreAutoLayout
0x00000001893c9000 	/System/Library/Frameworks/DiskArbitration.framework/Versions/A/DiskArbitration
0x000000018e1c2000 	/usr/lib/libarchive.2.dylib
0x000000018c7c1000 	/usr/lib/liblangid.dylib
0x00000001936f8000 	/System/Library/Frameworks/Combine.framework/Versions/A/Combine
0x000000021cd23000 	/System/Library/PrivateFrameworks/CollectionsInternal.framework/Versions/A/CollectionsInternal
0x00000002336d3000 	/System/Library/PrivateFrameworks/ReflectionInternal.framework/Versions/A/ReflectionInternal
0x0000000233c65000 	/System/Library/PrivateFrameworks/RuntimeInternal.framework/Versions/A/RuntimeInternal
0x00000001911b8000 	/usr/lib/swift/libswiftCore.dylib
0x00000001a6eb7000 	/usr/lib/swift/libswiftCoreFoundation.dylib
0x00000001a4927000 	/usr/lib/swift/libswiftDarwin.dylib
0x0000000196e6a000 	/usr/lib/swift/libswiftDispatch.dylib
0x00000001a6f02000 	/usr/lib/swift/libswiftIOKit.dylib
0x00000001996df000 	/usr/lib/swift/libswiftObjectiveC.dylib
0x00000001a6ec9000 	/usr/lib/swift/libswiftXPC.dylib
0x000000024960d000 	/usr/lib/swift/libswift_Concurrency.dylib
0x0000000249761000 	/usr/lib/swift/libswift_StringProcessing.dylib
0x00000001996e3000 	/usr/lib/swift/libswiftos.dylib
0x000000018c7bd000 	/System/Library/PrivateFrameworks/AppleSystemInfo.framework/Versions/A/AppleSystemInfo
0x000000018e173000 	/usr/lib/libpcap.A.dylib
0x0000000188655000 	/usr/lib/libdns_services.dylib
0x000000018823b000 	/System/Library/PrivateFrameworks/ProtocolBuffer.framework/Versions/A/ProtocolBuffer
0x000000018f5e7000 	/usr/lib/libcoretls_cfhelpers.dylib
0x0000000186808000 	/usr/lib/libnetwork.dylib
0x000000018f5c8000 	/usr/lib/liblzma.5.dylib
0x000000018d5e7000 	/usr/lib/libcoretls.dylib
0x000000024801e000 	/usr/lib/libCoreEntitlements.dylib
0x000000022e5dd000 	/System/Library/PrivateFrameworks/MessageSecurity.framework/Versions/A/MessageSecurity
0x000000018dcbe000 	/System/Library/PrivateFrameworks/AppleFSCompression.framework/Versions/A/AppleFSCompression
0x000000018e31b000 	/usr/lib/libpam.2.dylib
0x000000018f659000 	/usr/lib/libxar.1.dylib
0x000000018fa47000 	/usr/lib/libheimdal-asn1.dylib
0x000000018dd82000 	/usr/lib/libbz2.1.0.dylib
0x00000002496b8000 	/usr/lib/swift/libswift_RegexParser.dylib
0x000000018e1a9000 	/usr/lib/libiconv.2.dylib
0x000000018e0f4000 	/usr/lib/libcharset.1.dylib
0x000000018d5db000 	/usr/lib/libCheckFix.dylib
0x000000018c7c3000 	/System/Library/PrivateFrameworks/CoreNLP.framework/Versions/A/CoreNLP
0x00000001892e7000 	/System/Library/PrivateFrameworks/MetadataUtilities.framework/Versions/A/MetadataUtilities
0x000000018d611000 	/usr/lib/libmecab.dylib
0x00000001823b9000 	/usr/lib/libCRFSuite.dylib
0x000000018d66d000 	/usr/lib/libgermantok.dylib
0x000000018e2c2000 	/usr/lib/libThaiTokenizer.dylib
0x00000001893d2000 	/System/Library/Frameworks/Accelerate.framework/Versions/A/Frameworks/vImage.framework/Versions/A/vImage
0x00000001957d1000 	/System/Library/Frameworks/Accelerate.framework/Versions/A/Frameworks/vecLib.framework/Versions/A/vecLib
0x000000018f6a0000 	/System/Library/Frameworks/Accelerate.framework/Versions/A/Frameworks/vecLib.framework/Versions/A/libvMisc.dylib
0x000000018d1c0000 	/System/Library/Frameworks/Accelerate.framework/Versions/A/Frameworks/vecLib.framework/Versions/A/libvDSP.dylib
0x0000000181e30000 	/System/Library/Frameworks/Accelerate.framework/Versions/A/Frameworks/vecLib.framework/Versions/A/libBLAS.dylib
0x000000018e3f6000 	/System/Library/Frameworks/Accelerate.framework/Versions/A/Frameworks/vecLib.framework/Versions/A/libLAPACK.dylib
0x000000018d670000 	/System/Library/Frameworks/Accelerate.framework/Versions/A/Frameworks/vecLib.framework/Versions/A/libLinearAlgebra.dylib
0x000000018e306000 	/System/Library/Frameworks/Accelerate.framework/Versions/A/Frameworks/vecLib.framework/Versions/A/libSparseBLAS.dylib
0x000000018e3f1000 	/System/Library/Frameworks/Accelerate.framework/Versions/A/Frameworks/vecLib.framework/Versions/A/libQuadrature.dylib
0x000000018c8ec000 	/System/Library/Frameworks/Accelerate.framework/Versions/A/Frameworks/vecLib.framework/Versions/A/libBNNS.dylib
0x00000001822be000 	/System/Library/Frameworks/Accelerate.framework/Versions/A/Frameworks/vecLib.framework/Versions/A/libSparse.dylib
0x000000022cd2c000 	/System/Library/PrivateFrameworks/MIL.framework/Versions/A/MIL
0x0000000189e38000 	/System/Library/Frameworks/OpenDirectory.framework/Versions/A/Frameworks/CFOpenDirectory.framework/Versions/A/CFOpenDirectory
0x0000000189e28000 	/System/Library/Frameworks/OpenDirectory.framework/Versions/A/OpenDirectory
0x000000018f5e9000 	/System/Library/PrivateFrameworks/APFS.framework/Versions/A/APFS
0x000000018d517000 	/System/Library/Frameworks/SecurityFoundation.framework/Versions/A/SecurityFoundation
0x000000018f668000 	/usr/lib/libutil.dylib
0x000000022ae8d000 	/System/Library/PrivateFrameworks/InstalledContentLibrary.framework/Versions/A/InstalledContentLibrary
0x0000000184c65000 	/System/Library/PrivateFrameworks/CoreServicesStore.framework/Versions/A/CoreServicesStore
0x0000000189e90000 	/usr/lib/libapp_launch_measurement.dylib
0x000000021a4d0000 	/System/Library/PrivateFrameworks/AppleMobileFileIntegrity.framework/Versions/A/AppleMobileFileIntegrity
0x00000001a6e85000 	/usr/lib/libmis.dylib
0x00000001b7577000 	/System/Library/PrivateFrameworks/MobileSystemServices.framework/Versions/A/MobileSystemServices
0x00000001d55d9000 	/System/Library/PrivateFrameworks/ConfigProfileHelper.framework/Versions/A/ConfigProfileHelper
0x000000018e2c4000 	/System/Library/PrivateFrameworks/AppleSauce.framework/Versions/A/AppleSauce
0x0000000183303000 	/System/Library/PrivateFrameworks/LanguageModeling.framework/Versions/A/LanguageModeling
0x000000018f66c000 	/usr/lib/libxslt.1.dylib
0x000000018e1b0000 	/usr/lib/libcmph.dylib
0x000000018d2b1000 	/System/Library/PrivateFrameworks/CoreEmoji.framework/Versions/A/CoreEmoji
0x000000018c8e6000 	/System/Library/PrivateFrameworks/LinguisticData.framework/Versions/A/LinguisticData
0x00000001821cc000 	/System/Library/PrivateFrameworks/Lexicon.framework/Versions/A/Lexicon
0x000000018d5a5000 	/System/Library/PrivateFrameworks/BackgroundTaskManagement.framework/Versions/A/BackgroundTaskManagement
0x0000000248208000 	/usr/lib/libTLE.dylib
0x000000018d4f0000 	/System/Library/PrivateFrameworks/MobileKeyBag.framework/Versions/A/MobileKeyBag
0x000000018c7bb000 	/System/Library/PrivateFrameworks/AggregateDictionary.framework/Versions/A/AggregateDictionary
0x000000021a30a000 	/System/Library/PrivateFrameworks/AppleKeyStore.framework/Versions/A/AppleKeyStore
0x000000018ff38000 	/System/Library/PrivateFrameworks/AppleJPEG.framework/Versions/A/AppleJPEG
0x000000018fa2c000 	/usr/lib/libexpat.1.dylib
0x0000000190560000 	/System/Library/Frameworks/ImageIO.framework/Versions/A/Resources/libPng.dylib
0x000000019058b000 	/System/Library/Frameworks/ImageIO.framework/Versions/A/Resources/libTIFF.dylib
0x0000000190676000 	/System/Library/Frameworks/ImageIO.framework/Versions/A/Resources/libGIF.dylib
0x000000018ff7e000 	/System/Library/Frameworks/ImageIO.framework/Versions/A/Resources/libJP2.dylib
0x000000018f71c000 	/usr/lib/libate.dylib
0x000000019061b000 	/System/Library/Frameworks/ImageIO.framework/Versions/A/Resources/libJPEG.dylib
0x0000000190612000 	/System/Library/Frameworks/ImageIO.framework/Versions/A/Resources/libRadiance.dylib
0x0000000226f1a000 	/System/Library/PrivateFrameworks/GPUCompiler.framework/Versions/32023/Libraries/libllvm-flatbuffers.dylib
0x00000001d81c2000 	/System/Library/Frameworks/OpenGL.framework/Versions/A/Libraries/libCoreFSCache.dylib
0x0000000223b7e000 	/System/Library/PrivateFrameworks/GPUCompiler.framework/Versions/32023/Libraries/libGPUCompilerUtils.dylib
0x000000019060d000 	/System/Library/PrivateFrameworks/GPUWrangler.framework/Versions/A/GPUWrangler
0x00000001905ed000 	/System/Library/PrivateFrameworks/IOPresentment.framework/Versions/A/IOPresentment
0x0000000190615000 	/System/Library/PrivateFrameworks/DSExternalDisplay.framework/Versions/A/DSExternalDisplay
0x000000019067c000 	/System/Library/PrivateFrameworks/CMCaptureCore.framework/Versions/A/CMCaptureCore
0x000000018fc16000 	/usr/lib/libspindump.dylib
0x0000000183b72000 	/System/Library/Frameworks/CoreAudio.framework/Versions/A/CoreAudio
0x00000001dd016000 	/System/Library/Frameworks/ExtensionFoundation.framework/Versions/A/ExtensionFoundation
0x00000001976d3000 	/System/Library/PrivateFrameworks/CoreTime.framework/Versions/A/CoreTime
0x000000018fc00000 	/System/Library/PrivateFrameworks/AppServerSupport.framework/Versions/A/AppServerSupport
0x0000000192194000 	/System/Library/PrivateFrameworks/perfdata.framework/Versions/A/perfdata
0x000000018360d000 	/System/Library/PrivateFrameworks/AudioToolboxCore.framework/Versions/A/AudioToolboxCore
0x000000018ba65000 	/System/Library/PrivateFrameworks/caulk.framework/Versions/A/caulk
0x0000000191a02000 	/usr/lib/libAudioStatistics.dylib
0x00000001a61be000 	/System/Library/PrivateFrameworks/SystemPolicy.framework/Versions/A/SystemPolicy
0x0000000191cdb000 	/usr/lib/libSMC.dylib
0x000000019b6cd000 	/System/Library/Frameworks/CoreMIDI.framework/Versions/A/CoreMIDI
0x0000000190527000 	/usr/lib/libAudioToolboxUtility.dylib
0x00000001a15bf000 	/System/Library/PrivateFrameworks/OSAServicesClient.framework/Versions/A/OSAServicesClient
0x00000001921a2000 	/usr/lib/libperfcheck.dylib
0x000000019718a000 	/System/Library/PrivateFrameworks/BoardServices.framework/Versions/A/BoardServices
0x000000018f914000 	/System/Library/PrivateFrameworks/PlugInKit.framework/Versions/A/PlugInKit
0x000000018d509000 	/System/Library/PrivateFrameworks/AssertionServices.framework/Versions/A/AssertionServices
0x00000001b295c000 	/usr/lib/swift/libswiftMetal.dylib
0x00000001b7090000 	/usr/lib/swift/libswiftQuartzCore.dylib
0x00000001aa18e000 	/usr/lib/swift/libswiftsimd.dylib
0x000000018c37c000 	/System/Library/Frameworks/CoreImage.framework/Versions/A/CoreImage
0x000000019a7de000 	/System/Library/PrivateFrameworks/ASEProcessing.framework/Versions/A/ASEProcessing
0x00000001c34a8000 	/System/Library/PrivateFrameworks/Symbolication.framework/Versions/A/Symbolication
0x00000002324c0000 	/System/Library/PrivateFrameworks/PhotosensitivityProcessing.framework/Versions/A/PhotosensitivityProcessing
0x00000001d81cf000 	/System/Library/Frameworks/OpenGL.framework/Versions/A/OpenGL
0x000000018fbb1000 	/System/Library/PrivateFrameworks/GraphVisualizer.framework/Versions/A/GraphVisualizer
0x00000001d8224000 	/System/Library/Frameworks/OpenGL.framework/Versions/A/Libraries/libGLU.dylib
0x00000001d81e3000 	/System/Library/Frameworks/OpenGL.framework/Versions/A/Libraries/libGFXShared.dylib
0x00000001d83bc000 	/System/Library/Frameworks/OpenGL.framework/Versions/A/Libraries/libGL.dylib
0x00000001d81ec000 	/System/Library/Frameworks/OpenGL.framework/Versions/A/Libraries/libGLImage.dylib
0x00000001d81e0000 	/System/Library/Frameworks/OpenGL.framework/Versions/A/Libraries/libCVMSPluginSupport.dylib
0x00000002481c0000 	/usr/lib/libRosetta.dylib
0x00000001d81c9000 	/System/Library/Frameworks/OpenGL.framework/Versions/A/Libraries/libCoreVMClient.dylib
0x0000000221d84000 	/System/Library/PrivateFrameworks/FontServices.framework/Versions/A/FontServices
0x00000001862e4000 	/System/Library/Frameworks/UniformTypeIdentifiers.framework/Versions/A/UniformTypeIdentifiers
0x000000018fbbd000 	/System/Library/PrivateFrameworks/OTSVG.framework/Versions/A/OTSVG
0x0000000189b6c000 	/System/Library/Frameworks/ApplicationServices.framework/Versions/A/Frameworks/ATS.framework/Versions/A/Resources/libFontRegistry.dylib
0x000000018fc0b000 	/System/Library/PrivateFrameworks/FontServices.framework/libhvf.dylib
0x0000000221d85000 	/System/Library/PrivateFrameworks/FontServices.framework/libXTFontStaticRegistryData.dylib
0x000000018c702000 	/System/Library/Frameworks/MetalPerformanceShaders.framework/Versions/A/Frameworks/MPSCore.framework/Versions/A/MPSCore
0x000000018dc2c000 	/System/Library/Frameworks/MetalPerformanceShaders.framework/Versions/A/Frameworks/MPSImage.framework/Versions/A/MPSImage
0x000000018d685000 	/System/Library/Frameworks/MetalPerformanceShaders.framework/Versions/A/Frameworks/MPSNeuralNetwork.framework/Versions/A/MPSNeuralNetwork
0x000000018dad0000 	/System/Library/Frameworks/MetalPerformanceShaders.framework/Versions/A/Frameworks/MPSMatrix.framework/Versions/A/MPSMatrix
0x000000018d8db000 	/System/Library/Frameworks/MetalPerformanceShaders.framework/Versions/A/Frameworks/MPSRayIntersector.framework/Versions/A/MPSRayIntersector
0x000000018db02000 	/System/Library/Frameworks/MetalPerformanceShaders.framework/Versions/A/Frameworks/MPSNDArray.framework/Versions/A/MPSNDArray
0x00000001de8f0000 	/System/Library/Frameworks/MetalPerformanceShaders.framework/Versions/A/Frameworks/MPSFunctions.framework/Versions/A/MPSFunctions
0x00000001de8d5000 	/System/Library/Frameworks/MetalPerformanceShaders.framework/Versions/A/Frameworks/MPSBenchmarkLoop.framework/Versions/A/MPSBenchmarkLoop
0x0000000181ce4000 	/System/Library/PrivateFrameworks/MetalTools.framework/Versions/A/MetalTools
0x00000001ab367000 	/System/Library/PrivateFrameworks/IOAccelMemoryInfo.framework/Versions/A/IOAccelMemoryInfo
0x00000001b7470000 	/System/Library/PrivateFrameworks/kperf.framework/Versions/A/kperf
0x00000001a6eaa000 	/System/Library/PrivateFrameworks/GPURawCounter.framework/Versions/A/GPURawCounter
0x00000001975a5000 	/System/Library/PrivateFrameworks/CoreSymbolication.framework/Versions/A/CoreSymbolication
0x00000001a6e56000 	/System/Library/PrivateFrameworks/MallocStackLogging.framework/Versions/A/MallocStackLogging
0x000000018f7b6000 	/System/Library/PrivateFrameworks/CrashReporterSupport.framework/Versions/A/CrashReporterSupport
0x0000000197560000 	/System/Library/PrivateFrameworks/DebugSymbols.framework/Versions/A/DebugSymbols
0x00000001b5dd7000 	/System/Library/PrivateFrameworks/OSAnalytics.framework/Versions/A/OSAnalytics
0x000000023f3b9000 	/System/Library/PrivateFrameworks/VideoToolboxParavirtualizationSupport.framework/Versions/A/VideoToolboxParavirtualizationSupport
0x000000018f9e0000 	/System/Library/PrivateFrameworks/AppleVA.framework/Versions/A/AppleVA
0x0000000190646000 	/System/Library/Frameworks/ApplicationServices.framework/Versions/A/Frameworks/ATSUI.framework/Versions/A/ATSUI
0x0000000191dbb000 	/usr/lib/libcups.2.dylib
0x00000001921b0000 	/System/Library/Frameworks/Kerberos.framework/Versions/A/Kerberos
0x00000001921c1000 	/System/Library/Frameworks/GSS.framework/Versions/A/GSS
0x0000000191ac9000 	/usr/lib/libresolv.9.dylib
0x000000018fc1c000 	/System/Library/PrivateFrameworks/Heimdal.framework/Versions/A/Heimdal
0x000000019964c000 	/System/Library/Frameworks/Kerberos.framework/Versions/A/Libraries/libHeimdalProxy.dylib
0x000000019221b000 	/System/Library/PrivateFrameworks/CommonAuth.framework/Versions/A/CommonAuth
0x00000001dbdfc000 	/System/Library/Frameworks/AVFAudio.framework/Versions/A/AVFAudio
0x00000001a160e000 	/System/Library/PrivateFrameworks/AXCoreUtilities.framework/Versions/A/AXCoreUtilities
0x0000000191806000 	/System/Library/Frameworks/AudioToolbox.framework/Versions/A/AudioToolbox
0x000000022c404000 	/System/Library/PrivateFrameworks/IsolatedCoreAudioClient.framework/Versions/A/IsolatedCoreAudioClient
0x0000000191986000 	/System/Library/PrivateFrameworks/AudioSession.framework/Versions/A/AudioSession
0x0000000193497000 	/System/Library/Frameworks/IOBluetooth.framework/Versions/A/IOBluetooth
0x000000018faeb000 	/System/Library/PrivateFrameworks/MediaExperience.framework/Versions/A/MediaExperience
0x00000001917c5000 	/System/Library/PrivateFrameworks/AudioSession.framework/libSessionUtility.dylib
0x0000000191e40000 	/System/Library/PrivateFrameworks/AudioResourceArbitration.framework/Versions/A/AudioResourceArbitration
0x0000000196518000 	/System/Library/PrivateFrameworks/PowerLog.framework/Versions/A/PowerLog
0x0000000187e5e000 	/System/Library/Frameworks/CoreData.framework/Versions/A/CoreData
0x0000000196436000 	/System/Library/Frameworks/CoreBluetooth.framework/Versions/A/CoreBluetooth
0x000000019964d000 	/System/Library/Frameworks/AudioUnit.framework/Versions/A/AudioUnit
0x000000018d372000 	/System/Library/PrivateFrameworks/CoreUtils.framework/Versions/A/CoreUtils
0x000000021ffcf000 	/System/Library/PrivateFrameworks/CoreUtilsExtras.framework/Versions/A/CoreUtilsExtras
0x000000022ad1a000 	/System/Library/PrivateFrameworks/IO80211.framework/Versions/A/IO80211
0x000000019b84b000 	/System/Library/Frameworks/Cocoa.framework/Versions/A/Cocoa
0x0000000184df2000 	/System/Library/Frameworks/AppKit.framework/Versions/C/AppKit
0x000000018612f000 	/System/Library/PrivateFrameworks/UIFoundation.framework/Versions/A/UIFoundation
0x000000021cd0f000 	/System/Library/PrivateFrameworks/CollectionViewCore.framework/Versions/A/CollectionViewCore
0x00000001953e5000 	/System/Library/PrivateFrameworks/RemoteViewServices.framework/Versions/A/RemoteViewServices
0x000000018c019000 	/System/Library/PrivateFrameworks/XCTTargetBootstrap.framework/Versions/A/XCTTargetBootstrap
0x00000001907a8000 	/System/Library/PrivateFrameworks/InternationalSupport.framework/Versions/A/InternationalSupport
0x00000001907fc000 	/System/Library/PrivateFrameworks/UserActivity.framework/Versions/A/UserActivity
0x0000000241166000 	/System/Library/PrivateFrameworks/WindowManagement.framework/Versions/A/WindowManagement
0x000000018c01f000 	/System/Library/PrivateFrameworks/CoreSVG.framework/Versions/A/CoreSVG
0x000000018fa70000 	/System/Library/PrivateFrameworks/IconServices.framework/Versions/A/IconServices
0x000000018c001000 	/System/Library/PrivateFrameworks/DFRFoundation.framework/Versions/A/DFRFoundation
0x00000001907b7000 	/System/Library/PrivateFrameworks/DataDetectorsCore.framework/Versions/A/DataDetectorsCore
0x00000001aa22a000 	/System/Library/PrivateFrameworks/TextInput.framework/Versions/A/TextInput
0x000000018bd3d000 	/System/Library/Frameworks/Carbon.framework/Versions/A/Frameworks/HIToolbox.framework/Versions/A/HIToolbox
0x0000000195425000 	/System/Library/Frameworks/Carbon.framework/Versions/A/Frameworks/SpeechRecognition.framework/Versions/A/SpeechRecognition
0x0000000189bbe000 	/System/Library/PrivateFrameworks/CoreUI.framework/Versions/A/CoreUI
0x000000019f923000 	/System/Library/PrivateFrameworks/RenderBox.framework/Versions/A/RenderBox
0x0000000189e1c000 	/System/Library/PrivateFrameworks/PerformanceAnalysis.framework/Versions/A/PerformanceAnalysis
0x0000000195777000 	/System/Library/Frameworks/Accessibility.framework/Versions/A/Accessibility
0x00000001dca2e000 	/System/Library/Frameworks/CoreTransferable.framework/Versions/A/CoreTransferable
0x00000001dcef3000 	/System/Library/Frameworks/DeveloperToolsSupport.framework/Versions/A/DeveloperToolsSupport
0x0000000216eaf000 	/System/Library/Frameworks/Symbols.framework/Versions/A/Symbols
0x00000001a4920000 	/usr/lib/swift/libswiftCoreGraphics.dylib
0x00000001a6f01000 	/usr/lib/swift/libswiftCoreImage.dylib
0x00000001c0021000 	/usr/lib/swift/libswiftOSLog.dylib
0x00000001bb195000 	/usr/lib/swift/libswiftUniformTypeIdentifiers.dylib
0x0000000190702000 	/System/Library/PrivateFrameworks/TextureIO.framework/Versions/A/TextureIO
0x00000001970ce000 	/System/Library/PrivateFrameworks/FrontBoardServices.framework/Versions/A/FrontBoardServices
0x0000000198c15000 	/System/Library/PrivateFrameworks/BackBoardServices.framework/Versions/A/BackBoardServices
0x000000018fa52000 	/System/Library/PrivateFrameworks/IconFoundation.framework/Versions/A/IconFoundation
0x0000000195411000 	/System/Library/PrivateFrameworks/SpeechRecognitionCore.framework/Versions/A/SpeechRecognitionCore
0x00000001a162d000 	/usr/lib/libAccessibility.dylib
0x0000000195b0b000 	/System/Library/Frameworks/MediaAccessibility.framework/Versions/A/MediaAccessibility
0x00000001c6b5c000 	/System/Library/Frameworks/OSLog.framework/Versions/A/OSLog
0x00000001a6de4000 	/System/Library/PrivateFrameworks/LoggingSupport.framework/Versions/A/LoggingSupport
0x0000000104028000 	/Library/Java/JavaVirtualMachines/jdk-24.jdk/Contents/Home/lib/server/libjvm.dylib
0x0000000102aa4000 	/Library/Java/JavaVirtualMachines/jdk-24.jdk/Contents/Home/lib/libjimage.dylib
0x0000000102ae8000 	/Library/Java/JavaVirtualMachines/jdk-24.jdk/Contents/Home/lib/libjava.dylib
0x0000000102d78000 	/Library/Java/JavaVirtualMachines/jdk-24.jdk/Contents/Home/lib/libnio.dylib
0x0000000102d98000 	/Library/Java/JavaVirtualMachines/jdk-24.jdk/Contents/Home/lib/libnet.dylib
0x0000000102dd8000 	/Library/Java/JavaVirtualMachines/jdk-24.jdk/Contents/Home/lib/libzip.dylib
0x000000010397c000 	/Library/Java/JavaVirtualMachines/jdk-24.jdk/Contents/Home/lib/libawt.dylib
0x00000001ddcba000 	/System/Library/Frameworks/JavaRuntimeSupport.framework/Versions/A/JavaRuntimeSupport
0x00000001a5b40000 	/System/Library/Frameworks/Carbon.framework/Versions/A/Carbon
0x000000019d922000 	/System/Library/Frameworks/Carbon.framework/Versions/A/Frameworks/CommonPanels.framework/Versions/A/CommonPanels
0x0000000198f4f000 	/System/Library/Frameworks/Carbon.framework/Versions/A/Frameworks/Help.framework/Versions/A/Help
0x000000019d926000 	/System/Library/Frameworks/Carbon.framework/Versions/A/Frameworks/ImageCapture.framework/Versions/A/ImageCapture
0x000000019d8fa000 	/System/Library/Frameworks/Carbon.framework/Versions/A/Frameworks/OpenScripting.framework/Versions/A/OpenScripting
0x000000019d91e000 	/System/Library/Frameworks/Carbon.framework/Versions/A/Frameworks/Ink.framework/Versions/A/Ink
0x000000019d91a000 	/System/Library/Frameworks/Carbon.framework/Versions/A/Frameworks/SecurityHI.framework/Versions/A/SecurityHI
0x0000000103b60000 	/Library/Java/JavaVirtualMachines/jdk-24.jdk/Contents/Home/lib/libawt_lwawt.dylib
0x0000000102e00000 	/Library/Java/JavaVirtualMachines/jdk-24.jdk/Contents/Home/lib/libosxapp.dylib
0x00000001a499c000 	/System/Library/Frameworks/ExceptionHandling.framework/Versions/A/ExceptionHandling
0x0000000103dc0000 	/Library/Java/JavaVirtualMachines/jdk-24.jdk/Contents/Home/lib/libfontmanager.dylib
0x0000000103c90000 	/Library/Java/JavaVirtualMachines/jdk-24.jdk/Contents/Home/lib/libfreetype.dylib
0x000000019675e000 	/System/Library/Frameworks/FileProvider.framework/Versions/A/FileProvider
0x0000000188408000 	/System/Library/Frameworks/Accounts.framework/Versions/A/Accounts
0x0000000196911000 	/System/Library/PrivateFrameworks/GenerationalStorage.framework/Versions/A/GenerationalStorage
0x000000019650c000 	/System/Library/PrivateFrameworks/SymptomDiagnosticReporter.framework/Versions/A/SymptomDiagnosticReporter
0x00000001862fa000 	/System/Library/PrivateFrameworks/DesktopServicesPriv.framework/Versions/A/DesktopServicesPriv
0x0000000184d9a000 	/usr/lib/libsandbox.1.dylib
0x0000000191e1b000 	/System/Library/PrivateFrameworks/NetAuth.framework/Versions/A/NetAuth
0x00000001930e3000 	/System/Library/PrivateFrameworks/Sharing.framework/Versions/A/Sharing
0x000000018a02a000 	/System/Library/PrivateFrameworks/login.framework/Versions/A/Frameworks/loginsupport.framework/Versions/A/loginsupport
0x0000000198a5a000 	/System/Library/PrivateFrameworks/Apple80211.framework/Versions/A/Apple80211
0x000000018ddc7000 	/System/Library/PrivateFrameworks/AuthKit.framework/Versions/A/AuthKit
0x0000000198a5e000 	/System/Library/PrivateFrameworks/CoreWiFi.framework/Versions/A/CoreWiFi
0x000000018d2f5000 	/System/Library/Frameworks/CoreWLAN.framework/Versions/A/CoreWLAN
0x00000001a6eae000 	/usr/lib/swift/libswiftCoreAudio.dylib
0x00000001ac153000 	/usr/lib/swift/libswiftCoreLocation.dylib
0x000000018f7ad000 	/usr/lib/libIOReport.dylib
0x00000001cd8fe000 	/System/Library/PrivateFrameworks/WiFiPeerToPeer.framework/Versions/A/WiFiPeerToPeer
0x000000018df67000 	/System/Library/Frameworks/UserNotifications.framework/Versions/A/UserNotifications
0x0000000192361000 	/System/Library/PrivateFrameworks/CorePhoneNumbers.framework/Versions/A/CorePhoneNumbers
0x0000000191af6000 	/System/Library/PrivateFrameworks/MultiverseSupport.framework/Versions/A/MultiverseSupport
0x0000000198ea5000 	/System/Library/PrivateFrameworks/RemoteServiceDiscovery.framework/Versions/A/RemoteServiceDiscovery
0x000000019663a000 	/System/Library/PrivateFrameworks/DiskManagement.framework/Versions/A/DiskManagement
0x0000000196541000 	/System/Library/PrivateFrameworks/AppleIDAuthSupport.framework/Versions/A/AppleIDAuthSupport
0x00000002182d8000 	/System/Library/PrivateFrameworks/AAAFoundation.framework/Versions/A/AAAFoundation
0x0000000192333000 	/System/Library/PrivateFrameworks/KeychainCircle.framework/Versions/A/KeychainCircle
0x0000000198eb9000 	/System/Library/PrivateFrameworks/RemoteXPC.framework/Versions/A/RemoteXPC
0x0000000198f5b000 	/usr/lib/libcsfde.dylib
0x000000018f95c000 	/usr/lib/libCoreStorage.dylib
0x0000000196606000 	/System/Library/PrivateFrameworks/MediaKit.framework/Versions/A/MediaKit
0x000000019654e000 	/System/Library/Frameworks/DiscRecording.framework/Versions/A/DiscRecording
0x0000000193575000 	/System/Library/PrivateFrameworks/ProtectedCloudStorage.framework/Versions/A/ProtectedCloudStorage
0x0000000198f53000 	/System/Library/PrivateFrameworks/EFILogin.framework/Versions/A/EFILogin
0x0000000196939000 	/System/Library/PrivateFrameworks/OctagonTrust.framework/Versions/A/OctagonTrust
0x000000018b6d6000 	/System/Library/Frameworks/CoreLocation.framework/Versions/A/CoreLocation
0x0000000193836000 	/System/Library/PrivateFrameworks/GeoServices.framework/Versions/A/GeoServices
0x000000019178f000 	/System/Library/PrivateFrameworks/LocationSupport.framework/Versions/A/LocationSupport
0x0000000227b95000 	/System/Library/PrivateFrameworks/GeoServicesCore.framework/Versions/A/GeoServicesCore
0x00000001a1603000 	/System/Library/PrivateFrameworks/PhoneNumbers.framework/Versions/A/PhoneNumbers
0x000000018f954000 	/usr/lib/libMatch.1.dylib
0x00000001af816000 	/System/Library/CoreServices/RawCamera.bundle/Contents/MacOS/RawCamera
0x000000019222e000 	/System/Library/PrivateFrameworks/MobileAsset.framework/Versions/A/MobileAsset
0x000000021a14a000 	/System/Library/PrivateFrameworks/AppleJPEGXL.framework/Versions/A/AppleJPEGXL
0x00000001acac2000 	/System/Library/PrivateFrameworks/SoftwareUpdateCoreSupport.framework/Versions/A/SoftwareUpdateCoreSupport
0x00000001b3ed8000 	/System/Library/PrivateFrameworks/SoftwareUpdateCoreConnect.framework/Versions/A/SoftwareUpdateCoreConnect
0x0000000199673000 	/System/Library/PrivateFrameworks/StreamingZip.framework/Versions/A/StreamingZip
0x00000001ac76b000 	/System/Library/PrivateFrameworks/MSUDataAccessor.framework/Versions/A/MSUDataAccessor
0x00000001a88f5000 	/usr/lib/libbootpolicy.dylib
0x00000001bb37d000 	/usr/lib/libpartition2_dynamic.dylib
0x000000021bb64000 	/System/Library/PrivateFrameworks/CMPhoto.framework/Versions/A/CMPhoto
0x0000000190868000 	/System/Library/Frameworks/MediaToolbox.framework/Versions/A/MediaToolbox
0x000000019672a000 	/System/Library/PrivateFrameworks/CoreAVCHD.framework/Versions/A/CoreAVCHD
0x0000000196726000 	/System/Library/PrivateFrameworks/Mangrove.framework/Versions/A/Mangrove
0x0000000196d3a000 	/System/Library/Frameworks/CoreTelephony.framework/Versions/A/CoreTelephony
0x000000019671a000 	/System/Library/PrivateFrameworks/CoreAUC.framework/Versions/A/CoreAUC
0x000000019236b000 	/usr/lib/libTelephonyUtilDynamic.dylib
0x00000001ac139000 	/System/Library/Frameworks/Accelerate.framework/Versions/A/Frameworks/vImage.framework/Versions/A/Libraries/libCGInterfaces.dylib
0x0000000104000000 	/usr/lib/libobjc-trampolines.dylib
0x0000000247ecf000 	/usr/lib/libAccessibilityBaseImplementations.dylib
0x00000001d8d47000 	/System/Library/Extensions/AGXMetalG14G.bundle/Contents/MacOS/AGXMetalG14G
0x00000001a0566000 	/System/Library/PrivateFrameworks/IOGPU.framework/Versions/A/IOGPU
0x000000018fcec000 	/System/Library/PrivateFrameworks/login.framework/Versions/A/login
0x00000001972a4000 	/System/Library/Frameworks/LocalAuthentication.framework/Versions/A/LocalAuthentication
0x000000022cbb6000 	/System/Library/PrivateFrameworks/LocalAuthenticationCore.framework/Versions/A/LocalAuthenticationCore
0x00000001972ef000 	/System/Library/Frameworks/LocalAuthentication.framework/Support/SharedUtils.framework/Versions/A/SharedUtils
0x000000019723f000 	/System/Library/Frameworks/CryptoTokenKit.framework/Versions/A/CryptoTokenKit
0x0000000189d0c000 	/System/Library/PrivateFrameworks/ViewBridge.framework/Versions/A/ViewBridge
0x00000001159d0000 	/Library/Java/JavaVirtualMachines/jdk-24.jdk/Contents/Home/lib/libosxui.dylib
0x0000000357378000 	/Library/Java/JavaVirtualMachines/jdk-24.jdk/Contents/Home/lib/libextnet.dylib
0x00000001b8009000 	/System/Library/PrivateFrameworks/AccessibilitySupport.framework/Versions/A/Frameworks/AccessibilityFoundation.framework/Versions/A/AccessibilityFoundation
0x000000023ba99000 	/System/Library/PrivateFrameworks/TextInputUI.framework/Versions/A/TextInputUI
0x000000023baa1000 	/System/Library/PrivateFrameworks/TextInputUIMacHelper.framework/Versions/A/TextInputUIMacHelper


VM Arguments:
jvm_args: -Dfile.encoding=UTF-8 -Djava.security.policy=applet.policy 
java_command: View.Reservation
java_class_path (initial): /Applications/Apache NetBeans.app/Contents/Resources/netbeans/java/modules/ext/AbsoluteLayout.jar:/Users/uttu/Downloads/mysql-connector-j-9.3.0/mysql-connector-j-9.3.0.jar:/Users/uttu/Downloads/jfreechart-1.5.3 (1).jar:/Users/uttu/Downloads/pdfbox-app-3.0.5.jar:/Users/uttu/Downloads/jcommon-1.0.24.jar:/Users/uttu/Downloads/itextpdf-5.5.13.3.jar:/Users/uttu/Downloads/AbsoluteLayout.jar:/Users/uttu/NetBeansProjects/RMS/RestaurantManagementSystem_Group6_C37C/build/classes
Launcher Type: SUN_STANDARD

[Global flags]
     intx CICompilerCount                          = 4                                         {product} {ergonomic}
     uint ConcGCThreads                            = 2                                         {product} {ergonomic}
     uint G1ConcRefinementThreads                  = 8                                         {product} {ergonomic}
   size_t G1HeapRegionSize                         = 1048576                                   {product} {ergonomic}
   size_t InitialHeapSize                          = 134217728                                 {product} {ergonomic}
   size_t MarkStackSize                            = 4194304                                   {product} {ergonomic}
   size_t MarkStackSizeMax                         = 536870912                                 {product} {ergonomic}
   size_t MaxHeapSize                              = 2147483648                                {product} {ergonomic}
   size_t MaxNewSize                               = 1287651328                                {product} {ergonomic}
   size_t MinHeapDeltaBytes                        = 1048576                                   {product} {ergonomic}
   size_t MinHeapSize                              = 8388608                                   {product} {ergonomic}
    uintx NonNMethodCodeHeapSize                   = 5832704                                {pd product} {ergonomic}
    uintx NonProfiledCodeHeapSize                  = 122929152                              {pd product} {ergonomic}
    uintx ProfiledCodeHeapSize                     = 122896384                              {pd product} {ergonomic}
    uintx ReservedCodeCacheSize                    = 251658240                              {pd product} {ergonomic}
     bool SegmentedCodeCache                       = true                                      {product} {ergonomic}
   size_t SoftMaxHeapSize                          = 2147483648                             {manageable} {ergonomic}
     bool UseCompressedOops                        = true                           {product lp64_product} {ergonomic}
     bool UseG1GC                                  = true                                      {product} {ergonomic}
     bool UseNUMA                                  = false                                     {product} {ergonomic}
     bool UseNUMAInterleaving                      = false                                     {product} {ergonomic}

Logging:
Log output configuration:
 #0: stdout all=warning uptime,level,tags foldmultilines=false
 #1: stderr all=off uptime,level,tags foldmultilines=false

Environment Variables:
PATH=/usr/bin:/bin:/usr/sbin:/sbin
SHELL=/bin/zsh
LC_CTYPE=UTF-8
TMPDIR=/var/folders/3j/fhlpjxs503s27k1yvvc_xtdm0000gn/T/

Active Locale:
LC_ALL=C/UTF-8/C/C/C/C
LC_COLLATE=C
LC_CTYPE=UTF-8
LC_MESSAGES=C
LC_MONETARY=C
LC_NUMERIC=C
LC_TIME=C

Signal Handlers:
   SIGSEGV: crash_handler in libjvm.dylib, mask=11100110000111110111111111111111, flags=SA_ONSTACK|SA_RESTART|SA_SIGINFO, unblocked
    SIGBUS: crash_handler in libjvm.dylib, mask=11100110000111110111111111111111, flags=SA_RESTART|SA_SIGINFO, unblocked
    SIGFPE: crash_handler in libjvm.dylib, mask=11100110000111110111111111111111, flags=SA_RESTART|SA_SIGINFO, unblocked
   SIGPIPE: javaSignalHandler in libjvm.dylib, mask=11100110000111110111111111111111, flags=SA_RESTART|SA_SIGINFO, blocked
   SIGXFSZ: javaSignalHandler in libjvm.dylib, mask=11100110000111110111111111111111, flags=SA_RESTART|SA_SIGINFO, blocked
    SIGILL: crash_handler in libjvm.dylib, mask=11100110000111110111111111111111, flags=SA_RESTART|SA_SIGINFO, unblocked
   SIGUSR2: SR_handler in libjvm.dylib, mask=00000000000000000000000000000000, flags=SA_RESTART|SA_SIGINFO, blocked
    SIGHUP: UserHandler in libjvm.dylib, mask=11100110000111110111111111111111, flags=SA_RESTART|SA_SIGINFO, blocked
    SIGINT: SIG_IGN, mask=00000000000000000000000000000000, flags=none, blocked
   SIGTERM: UserHandler in libjvm.dylib, mask=11100110000111110111111111111111, flags=SA_RESTART|SA_SIGINFO, blocked
   SIGQUIT: UserHandler in libjvm.dylib, mask=11100110000111110111111111111111, flags=SA_RESTART|SA_SIGINFO, blocked
   SIGTRAP: crash_handler in libjvm.dylib, mask=11100110000111110111111111111111, flags=SA_RESTART|SA_SIGINFO, unblocked


Periodic native trim disabled

---------------  S Y S T E M  ---------------

OS:
uname: Darwin 23.5.0 Darwin Kernel Version 23.5.0: Wed May  1 20:19:05 PDT 2024; root:xnu-10063.121.3~5/RELEASE_ARM64_T8112 arm64
OS uptime: 0 days 12:25 hours
rlimit (soft/hard): STACK 8176k/65520k , CORE 0k/infinity , NPROC 1333/2000 , NOFILE 1048576/infinity , AS infinity/infinity , CPU infinity/infinity , DATA infinity/infinity , FSIZE infinity/infinity , MEMLOCK infinity/infinity , RSS infinity/infinity
load average: 1.35 1.40 1.43

CPU: total 8 (initial active 8) 0x61:0x0:0xda33d83d:0, fp, asimd, aes, pmull, sha1, sha256, crc32, lse, sha3, sha512
machdep.cpu.brand_string:Apple M2
hw.cachelinesize:128
hw.l1icachesize:131072
hw.l1dcachesize:65536
hw.l2cachesize:4194304

Memory: 16k page, physical 8388608k(77504k free), swap 0k(0k free)

vm_info: Java HotSpot(TM) 64-Bit Server VM (24+36-3646) for bsd-aarch64 JRE (24+36-3646), built on 2025-02-06T00:20:43Z with clang Apple LLVM 14.0.3 (clang-1403.0.22.14.1)

END.
